CPEN 431 EVALUATION Client
Assignment ID: 7
Client Version: 1
Current Time: Wed Feb 25 22:52:36 UTC 2026
Build Time: Tue Feb 24 21:58:52 UTC 2026
Process ID: 5021
OS Version: Linux 6.8.0-1046-aws amd64
JVM Version: Ubuntu OpenJDK 64-Bit Server VM 25.0.2+10-Ubuntu-122.04
Mode: SUBMIT
Secret Code: 5409645920
Process Command: java -Xmx6g -jar a7_2026_eval_tests_v1.jar --submit --servers-list nodes_server.txt --secret-code 5409645920

[Info] Done building nodes' list.
[Info] Starting A7 Tests

[Info] Correct submission information.
[Info] Checking if the test client is running on AWS
[Info] Detected instance type: c5.xlarge


[Info] The deployment has 20 server nodes.

[Info] Checking SSH connectivity to deployed servers ...
Hosts to check: 34.228.184.115
Checking SSH access to 34.228.184.115
[Info] All SSH checks passed!

[Info] Checking server deployment.
Deployment information:
c5.xlarge 
 Ubuntu 22.04.5 LTS 
 qdisc netem 8001: root refcnt 2 limit 1000 delay 5ms loss 2.5% 
 qdisc netem 8002: root refcnt 5 limit 1000 delay 5ms loss 2.5% 
 net-tools 1.60+git20181103.0eebece-1ubuntu5.4

Sending GET PID to all servers (v2) ... 
>>> Server node  34.228.184.115:43100 GETPID from server returned PID = 6306
>>> Server node  34.228.184.115:43101 GETPID from server returned PID = 6307
>>> Server node  34.228.184.115:43102 GETPID from server returned PID = 6308
>>> Server node  34.228.184.115:43103 GETPID from server returned PID = 6309
>>> Server node  34.228.184.115:43104 GETPID from server returned PID = 6310
>>> Server node  34.228.184.115:43105 GETPID from server returned PID = 6311
>>> Server node  34.228.184.115:43106 GETPID from server returned PID = 6312
>>> Server node  34.228.184.115:43107 GETPID from server returned PID = 6316
>>> Server node  34.228.184.115:43108 GETPID from server returned PID = 6317
>>> Server node  34.228.184.115:43109 GETPID from server returned PID = 6318
>>> Server node  34.228.184.115:43110 GETPID from server returned PID = 6319
>>> Server node  34.228.184.115:43111 GETPID from server returned PID = 6320
>>> Server node  34.228.184.115:43112 GETPID from server returned PID = 6321
>>> Server node  34.228.184.115:43113 GETPID from server returned PID = 6322
>>> Server node  34.228.184.115:43114 GETPID from server returned PID = 6339
>>> Server node  34.228.184.115:43115 GETPID from server returned PID = 6341
>>> Server node  34.228.184.115:43116 GETPID from server returned PID = 6342
>>> Server node  34.228.184.115:43117 GETPID from server returned PID = 6345
>>> Server node  34.228.184.115:43118 GETPID from server returned PID = 6353
>>> Server node  34.228.184.115:43119 GETPID from server returned PID = 6357
>>> Server node 34.228.184.115:43100 has process ID 6306.
>>> Server node 34.228.184.115:43101 has process ID 6307.
>>> Server node 34.228.184.115:43102 has process ID 6308.
>>> Server node 34.228.184.115:43103 has process ID 6309.
>>> Server node 34.228.184.115:43104 has process ID 6310.
>>> Server node 34.228.184.115:43105 has process ID 6311.
>>> Server node 34.228.184.115:43106 has process ID 6312.
>>> Server node 34.228.184.115:43107 has process ID 6316.
>>> Server node 34.228.184.115:43108 has process ID 6317.
>>> Server node 34.228.184.115:43109 has process ID 6318.
>>> Server node 34.228.184.115:43110 has process ID 6319.
>>> Server node 34.228.184.115:43111 has process ID 6320.
>>> Server node 34.228.184.115:43112 has process ID 6321.
>>> Server node 34.228.184.115:43113 has process ID 6322.
>>> Server node 34.228.184.115:43114 has process ID 6339.
>>> Server node 34.228.184.115:43115 has process ID 6341.
>>> Server node 34.228.184.115:43116 has process ID 6342.
>>> Server node 34.228.184.115:43117 has process ID 6345.
>>> Server node 34.228.184.115:43118 has process ID 6353.
>>> Server node 34.228.184.115:43119 has process ID 6357.
[ ... Completed in 31.882 seconds ]
[OK]
Testing memory usage 
Command information:
c5.xlarge 
 Xmx64m Xmx64m Xmx64m Xmx64m Xmx64m Xmx64m Xmx64m Xmx64m Xmx64m Xmx64m Xmx64m Xmx64m Xmx64m Xmx64m Xmx64m Xmx64m Xmx64m Xmx64m Xmx64m Xmx64m
>>> Server node 34.228.184.115:43100 has memory limit of 64M.
Command information:
c5.xlarge 
 Xmx64m Xmx64m Xmx64m Xmx64m Xmx64m Xmx64m Xmx64m Xmx64m Xmx64m Xmx64m Xmx64m Xmx64m Xmx64m Xmx64m Xmx64m Xmx64m Xmx64m Xmx64m Xmx64m Xmx64m
>>> Server node 34.228.184.115:43101 has memory limit of 64M.
Command information:
c5.xlarge 
 Xmx64m Xmx64m Xmx64m Xmx64m Xmx64m Xmx64m Xmx64m Xmx64m Xmx64m Xmx64m Xmx64m Xmx64m Xmx64m Xmx64m Xmx64m Xmx64m Xmx64m Xmx64m Xmx64m Xmx64m
>>> Server node 34.228.184.115:43102 has memory limit of 64M.
Command information:
c5.xlarge 
 Xmx64m Xmx64m Xmx64m Xmx64m Xmx64m Xmx64m Xmx64m Xmx64m Xmx64m Xmx64m Xmx64m Xmx64m Xmx64m Xmx64m Xmx64m Xmx64m Xmx64m Xmx64m Xmx64m Xmx64m
>>> Server node 34.228.184.115:43103 has memory limit of 64M.
Command information:
c5.xlarge 
 Xmx64m Xmx64m Xmx64m Xmx64m Xmx64m Xmx64m Xmx64m Xmx64m Xmx64m Xmx64m Xmx64m Xmx64m Xmx64m Xmx64m Xmx64m Xmx64m Xmx64m Xmx64m Xmx64m Xmx64m
>>> Server node 34.228.184.115:43104 has memory limit of 64M.
Command information:
c5.xlarge 
 Xmx64m Xmx64m Xmx64m Xmx64m Xmx64m Xmx64m Xmx64m Xmx64m Xmx64m Xmx64m Xmx64m Xmx64m Xmx64m Xmx64m Xmx64m Xmx64m Xmx64m Xmx64m Xmx64m Xmx64m
>>> Server node 34.228.184.115:43105 has memory limit of 64M.
Command information:
c5.xlarge 
 Xmx64m Xmx64m Xmx64m Xmx64m Xmx64m Xmx64m Xmx64m Xmx64m Xmx64m Xmx64m Xmx64m Xmx64m Xmx64m Xmx64m Xmx64m Xmx64m Xmx64m Xmx64m Xmx64m Xmx64m
>>> Server node 34.228.184.115:43106 has memory limit of 64M.
Command information:
c5.xlarge 
 Xmx64m Xmx64m Xmx64m Xmx64m Xmx64m Xmx64m Xmx64m Xmx64m Xmx64m Xmx64m Xmx64m Xmx64m Xmx64m Xmx64m Xmx64m Xmx64m Xmx64m Xmx64m Xmx64m Xmx64m
>>> Server node 34.228.184.115:43107 has memory limit of 64M.
Command information:
c5.xlarge 
 Xmx64m Xmx64m Xmx64m Xmx64m Xmx64m Xmx64m Xmx64m Xmx64m Xmx64m Xmx64m Xmx64m Xmx64m Xmx64m Xmx64m Xmx64m Xmx64m Xmx64m Xmx64m Xmx64m Xmx64m
>>> Server node 34.228.184.115:43108 has memory limit of 64M.
Command information:
c5.xlarge 
 Xmx64m Xmx64m Xmx64m Xmx64m Xmx64m Xmx64m Xmx64m Xmx64m Xmx64m Xmx64m Xmx64m Xmx64m Xmx64m Xmx64m Xmx64m Xmx64m Xmx64m Xmx64m Xmx64m Xmx64m
>>> Server node 34.228.184.115:43109 has memory limit of 64M.
Command information:
c5.xlarge 
 Xmx64m Xmx64m Xmx64m Xmx64m Xmx64m Xmx64m Xmx64m Xmx64m Xmx64m Xmx64m Xmx64m Xmx64m Xmx64m Xmx64m Xmx64m Xmx64m Xmx64m Xmx64m Xmx64m Xmx64m
>>> Server node 34.228.184.115:43110 has memory limit of 64M.
Command information:
c5.xlarge 
 Xmx64m Xmx64m Xmx64m Xmx64m Xmx64m Xmx64m Xmx64m Xmx64m Xmx64m Xmx64m Xmx64m Xmx64m Xmx64m Xmx64m Xmx64m Xmx64m Xmx64m Xmx64m Xmx64m Xmx64m
>>> Server node 34.228.184.115:43111 has memory limit of 64M.
Command information:
c5.xlarge 
 Xmx64m Xmx64m Xmx64m Xmx64m Xmx64m Xmx64m Xmx64m Xmx64m Xmx64m Xmx64m Xmx64m Xmx64m Xmx64m Xmx64m Xmx64m Xmx64m Xmx64m Xmx64m Xmx64m Xmx64m
>>> Server node 34.228.184.115:43112 has memory limit of 64M.
Command information:
c5.xlarge 
 Xmx64m Xmx64m Xmx64m Xmx64m Xmx64m Xmx64m Xmx64m Xmx64m Xmx64m Xmx64m Xmx64m Xmx64m Xmx64m Xmx64m Xmx64m Xmx64m Xmx64m Xmx64m Xmx64m Xmx64m
>>> Server node 34.228.184.115:43113 has memory limit of 64M.
Command information:
c5.xlarge 
 Xmx64m Xmx64m Xmx64m Xmx64m Xmx64m Xmx64m Xmx64m Xmx64m Xmx64m Xmx64m Xmx64m Xmx64m Xmx64m Xmx64m Xmx64m Xmx64m Xmx64m Xmx64m Xmx64m Xmx64m
>>> Server node 34.228.184.115:43114 has memory limit of 64M.
Command information:
c5.xlarge 
 Xmx64m Xmx64m Xmx64m Xmx64m Xmx64m Xmx64m Xmx64m Xmx64m Xmx64m Xmx64m Xmx64m Xmx64m Xmx64m Xmx64m Xmx64m Xmx64m Xmx64m Xmx64m Xmx64m Xmx64m
>>> Server node 34.228.184.115:43115 has memory limit of 64M.
Command information:
c5.xlarge 
 Xmx64m Xmx64m Xmx64m Xmx64m Xmx64m Xmx64m Xmx64m Xmx64m Xmx64m Xmx64m Xmx64m Xmx64m Xmx64m Xmx64m Xmx64m Xmx64m Xmx64m Xmx64m Xmx64m Xmx64m
>>> Server node 34.228.184.115:43116 has memory limit of 64M.
Command information:
c5.xlarge 
 Xmx64m Xmx64m Xmx64m Xmx64m Xmx64m Xmx64m Xmx64m Xmx64m Xmx64m Xmx64m Xmx64m Xmx64m Xmx64m Xmx64m Xmx64m Xmx64m Xmx64m Xmx64m Xmx64m Xmx64m
>>> Server node 34.228.184.115:43117 has memory limit of 64M.
Command information:
c5.xlarge 
 Xmx64m Xmx64m Xmx64m Xmx64m Xmx64m Xmx64m Xmx64m Xmx64m Xmx64m Xmx64m Xmx64m Xmx64m Xmx64m Xmx64m Xmx64m Xmx64m Xmx64m Xmx64m Xmx64m Xmx64m
>>> Server node 34.228.184.115:43118 has memory limit of 64M.
Command information:
c5.xlarge 
 Xmx64m Xmx64m Xmx64m Xmx64m Xmx64m Xmx64m Xmx64m Xmx64m Xmx64m Xmx64m Xmx64m Xmx64m Xmx64m Xmx64m Xmx64m Xmx64m Xmx64m Xmx64m Xmx64m Xmx64m
>>> Server node 34.228.184.115:43119 has memory limit of 64M.
[ ... Completed in 26.15 seconds ]
[OK]

[Test isAlive] for 127.0.0.1:43100
Sending GETPID to all servers... 
[Info] Server node 127.0.0.1:43100 has process ID 4990.
[ ... Completed in 0.002 seconds ]
[OK]
Sending WIPE-OUT to all servers...
[ ... Completed in 0.002 seconds ]
[OK]
Waiting for 5 seconds for the cache to be cleared!

[ TEST Basic PUT/GET (PUT -> GET). Value Length = 8 Bytes ]
TEST_PASSED

[ TEST Basic PUT/GET (PUT -> GET). Value Length = 32 Bytes ]
TEST_PASSED

[ TEST Basic PUT/GET (PUT -> GET). Value Length = 2048 Bytes ]
TEST_PASSED

[ TEST Basic PUT/GET (PUT -> GET). Value Length = 10000 Bytes ]
TEST_PASSED


[ TEST Basic KVS with message version (PUT Version 1 -> GET -> PUT Version 2 -> GET). Value Length = 8 Bytes ]
TEST_PASSED


[ TEST Basic KVS with message version (PUT Version 1 -> GET -> PUT Version 2 -> GET). Value Length = 32 Bytes ]
TEST_PASSED


[ TEST Basic KVS with message version (PUT Version 1 -> GET -> PUT Version 2 -> GET). Value Length = 2048 Bytes ]
TEST_PASSED


[ TEST Basic KVS with message version (PUT Version 1 -> GET -> PUT Version 2 -> GET). Value Length = 10000 Bytes ]
TEST_PASSED

[ TEST Basic REMOVE (PUT -> GET -> REM -> GET). Value Length = 32 Bytes. ]
TEST_PASSED

[ TEST Double remove (PUT -> REM -> REM). Value Length = 32 Bytes. ]
TEST_PASSED

[ TEST Invalid Command. ]
TEST_PASSED

[ TEST At-Most-Once Client Policy (PUT -> REM -> REM). Value length =  32 Bytes ]
TEST_PASSED

[ TEST At-Most-Once Client Policy Empty REMs (EMPTY -> REM -> REM) ]
TEST_PASSED

[ TEST At-Most-Once Client Policy Error Return Code (REM -> PUT -> REM) ]
TEST_PASSED

[ TEST At-Most-Once Client Policy (PUT -> REM -> many PUT -> REM). Value length =  32 Bytes ]
Pausing for 10 seconds to wait for the cache to be cleared!
TEST_PASSED

[ TEST At-Most-Once Client Policy For PUTs (PUT1 -> PUT2 -> PUT1 -> GET2) ]
TEST_PASSED

[TEST Invalid Key ]
TEST_PASSED

[TEST Invalid Value ]
TEST_PASSED

[ TEST Single Front-End Performance (1 clients, 60.0 seconds): PUT -> GET (closed loop) ]
[Test isAlive] for 127.0.0.1:43100
[ ... Completed in 0.002 seconds ]
Local Single node: Test Status: TEST_PASSED
Clients: 1
Total Requests (without replies): 823659
Total Requests (including replies): 823659
Successful Responses: 823659
Timeout Responses: 0
Total Failed Responses: 0
% Success: 100.0
% Timeout: 0.0
% Failed: 0.0
Response Time (Successful requests):
[max] 21ms, [min] 0ms
[avg] 0.05650760812423588 ms, [stdev] 0.272907670464026ms
Throughput: 13727.421209646505 requests per second
Goodput: 13727.421209646505 requests per second
Retry Rate (Successful requests): 1.0
Sending WIPE-OUT to all servers...
[ ... Completed in 0.001 seconds ]
[OK]
Waiting for 5 seconds for the cache to be cleared!
[ ... TEST Completed in 65.465 seconds ]

[ TEST Single Front-End Performance (16 clients, 60.0 seconds): PUT -> GET (closed loop) ]
[Test isAlive] for 127.0.0.1:43100
[ ... Completed in 0.002 seconds ]
Local Single node: Test Status: TEST_PASSED
Clients: 16
Total Requests (without replies): 2425499
Total Requests (including replies): 2425499
Successful Responses: 2425499
Timeout Responses: 0
Total Failed Responses: 0
% Success: 100.0
% Timeout: 0.0
% Failed: 0.0
Response Time (Successful requests):
[max] 77ms, [min] 0ms
[avg] 0.3659341850893363 ms, [stdev] 0.9458692086921293ms
Throughput: 40423.63587880404 requests per second
Goodput: 40423.63587880404 requests per second
Retry Rate (Successful requests): 1.0
Sending WIPE-OUT to all servers...
[ ... Completed in 0.001 seconds ]
[OK]
Waiting for 5 seconds for the cache to be cleared!
[ ... TEST Completed in 66.152 seconds ]

[ TEST Single Front-End Performance (64 clients, 60.0 seconds): PUT -> GET (closed loop) ]
[Info] Received OVERLOAD from the server. Sleeping for [300] ms.
[Info] Received OVERLOAD from the server. Sleeping for [300] ms.
[Test isAlive] for 127.0.0.1:43100
[ ... Completed in 0.001 seconds ]
Local Single node: Test Status: TEST_PASSED
Clients: 64
Total Requests (without replies): 2480627
Total Requests (including replies): 2480665
Successful Responses: 2480627
Timeout Responses: 0
Total Failed Responses: 0
% Success: 100.0
% Timeout: 0.0
% Failed: 0.0
Response Time (Successful requests):
[max] 159ms, [min] 0ms
[avg] 1.5113166953354937 ms, [stdev] 2.2531503016913836ms
Throughput: 41341.716247520955 requests per second
Goodput: 41341.716247520955 requests per second
Retry Rate (Successful requests): 1.0000153187077299
Sending WIPE-OUT to all servers...
[ ... Completed in 0.001 seconds ]
[OK]
Waiting for 5 seconds for the cache to be cleared!
[ ... TEST Completed in 65.797 seconds ]

[ TEST Single Client Capacity (Value Size = 500 bytes, Limit = 146800 PUTs, ~69.99969482421875 MiB) : PUT -> GET (closed loop) ]
Sending WIPE-OUT to all servers...
[ ... Completed in 0.001 seconds ]
[OK]
Waiting for 5 seconds for the cache to be cleared!
ERROR_OUT_OF_SPACE
Received error code after 64353 closed loops (~30.685901641845703 MiB).
PUTs sent = 64353(~30.685901641845703 MiB) , Limit = 146800
[Test isAlive]
Test Passed. Server is ok.
TEST_PASSED
[Info] Shutting down local server(s)!
[Test isAlive] for 127.0.0.1:43100
[ ... Completed in 10.017 seconds ]
[Info] Local tests completed in 249.256 seconds
[Info] Finished tests for the local deployment!
[Info] Collecting disk usage statistics on the server.
Number of block devices on server: 1
BlockDeviceName SectorSize SectorsRead SectorsWritten
nvme0n1 512 823344 202602

Sending WIPE-OUT to all servers...
[ ... Completed in 0.014 seconds ]
[OK]
Waiting for 5 seconds for the cache to be cleared!
[Test isAlive] for 34.228.184.115:43100
Sending WIPE-OUT to all servers...
[ ... Completed in 0.016 seconds ]
[OK]
Waiting for 5 seconds for the cache to be cleared!

[ TEST Basic PUT/GET (PUT -> GET). Value Length = 8 Bytes ]
TEST_PASSED

[ TEST Basic PUT/GET (PUT -> GET). Value Length = 32 Bytes ]
TEST_PASSED

[ TEST Basic PUT/GET (PUT -> GET). Value Length = 512 Bytes ]
TEST_PASSED

[ TEST Basic PUT/GET (PUT -> GET). Value Length = 1024 Bytes ]
TEST_PASSED

[ TEST Checksum verification ]
Pausing for 10 seconds to wait for the cache to be cleared!
Checksum verification passed!
TEST_PASSED
Sending WIPE-OUT to all servers...
[ ... Completed in 0.011 seconds ]
[OK]
Waiting for 5 seconds for the cache to be cleared!


[ TEST Basic KVS with message version (PUT Version 1 -> GET -> PUT Version 2 -> GET). Value Length = 8 Bytes ]
TEST_PASSED


[ TEST Basic KVS with message version (PUT Version 1 -> GET -> PUT Version 2 -> GET). Value Length = 32 Bytes ]
TEST_PASSED


[ TEST Basic KVS with message version (PUT Version 1 -> GET -> PUT Version 2 -> GET). Value Length = 512 Bytes ]
TEST_PASSED


[ TEST Basic KVS with message version (PUT Version 1 -> GET -> PUT Version 2 -> GET). Value Length = 1024 Bytes ]
TEST_PASSED
Sending WIPE-OUT to all servers...
[ ... Completed in 0.009 seconds ]
[OK]
Waiting for 5 seconds for the cache to be cleared!

[ TEST Basic REMOVE (PUT -> GET -> REM -> GET). Value Length = 32 Bytes. ]
TEST_PASSED
Sending WIPE-OUT to all servers...
[ ... Completed in 0.008 seconds ]
[OK]
Waiting for 5 seconds for the cache to be cleared!

[ TEST Double remove (PUT -> REM -> REM). Value Length = 32 Bytes. ]
TEST_PASSED
Sending WIPE-OUT to all servers...
[ ... Completed in 0.007 seconds ]
[OK]
Waiting for 5 seconds for the cache to be cleared!

[ TEST Invalid Command. ]
TEST_PASSED
Sending WIPE-OUT to all servers...
[ ... Completed in 0.047 seconds ]
[OK]
Waiting for 5 seconds for the cache to be cleared!

[ TEST At-Most-Once Client Policy (PUT -> REM -> REM). Value length =  32 Bytes ]
TEST_PASSED
Sending WIPE-OUT to all servers...
[ ... Completed in 0.008 seconds ]
[OK]
Waiting for 5 seconds for the cache to be cleared!

[ TEST At-Most-Once Client Policy Empty REMs (EMPTY -> REM -> REM) ]
TEST_PASSED
Sending WIPE-OUT to all servers...
[ ... Completed in 0.048 seconds ]
[OK]
Waiting for 5 seconds for the cache to be cleared!

[ TEST At-Most-Once Client Policy (PUT -> REM -> many PUT -> REM). Value length =  32 Bytes ]
Pausing for 10 seconds to wait for the cache to be cleared!
Unexpected error code for the second REM request!
Pausing for 10 seconds to wait for the cache to be cleared!
TEST_PASSED

[ TEST At-Most-Once Client Policy Error Return Code (REM -> PUT -> REM) ]
TEST_PASSED
Sending WIPE-OUT to all servers...
[ ... Completed in 0.047 seconds ]
[OK]
Waiting for 5 seconds for the cache to be cleared!

[ TEST At-Most-Once Client Policy For PUTs (PUT1 -> PUT2 -> PUT1 -> GET2) ]
TEST_PASSED
Sending WIPE-OUT to all servers...
[ ... Completed in 0.008 seconds ]
[OK]
Waiting for 5 seconds for the cache to be cleared!

[TEST Invalid Key ]
TEST_PASSED
Sending WIPE-OUT to all servers...
[ ... Completed in 0.047 seconds ]
[OK]
Waiting for 5 seconds for the cache to be cleared!

[TEST Invalid Value ]
TEST_PASSED
Sending WIPE-OUT to all servers...
[ ... Completed in 0.008 seconds ]
[OK]
Waiting for 5 seconds for the cache to be cleared!

[ TEST Multi Client Crash: PUT -> GET (closed loop) + REM -> WIPEOUT (closed loop) ]
[Test isAlive]
Test Passed. Server is ok.
TEST_PASSED
[ ... TEST Completed in 100.734 seconds ]
Sending WIPE-OUT to all servers...
[ ... Completed in 0.007 seconds ]
[OK]
Waiting for 5 seconds for the cache to be cleared!

[ TEST Random Front-End Basic (PUT -> GET -> REM -> REM -> GET). Value Length = 8 Bytes ]
TEST_PASSED

[ TEST Random Front-End Basic (PUT -> GET -> REM -> REM -> GET). Value Length = 32 Bytes ]
TEST_PASSED

[ TEST Random Front-End Basic (PUT -> GET -> REM -> REM -> GET). Value Length = 512 Bytes ]
TEST_PASSED

[ TEST Random Front-End Basic (PUT -> GET -> REM -> REM -> GET). Value Length = 1024 Bytes ]
TEST_PASSED
[ ... TEST Completed in 0.473 seconds ]
Sending WIPE-OUT to all servers...
[ ... Completed in 0.009 seconds ]
[OK]
Waiting for 5 seconds for the cache to be cleared!

[ TEST Single Front-End Performance (1 clients, 60.0 seconds): PUT -> GET (closed loop) ]
[Info] Received OVERLOAD from the server. Sleeping for [300] ms.
[Test isAlive] for 34.228.184.115:43100
[ ... Completed in 0.006 seconds ]
TEST_PASSED
[ ... TEST Completed in 60.015 seconds ]
Stage 0 Single Front-End: Test Status: TEST_PASSED
Clients: 1
Total Requests (without replies): 3125
Total Requests (including replies): 3374
Successful Responses: 3125
Timeout Responses: 0
Total Failed Responses: 0
% Success: 100.0
% Timeout: 0.0
% Failed: 0.0
Response Time (Successful requests):
[max] 137ms, [min] 5ms
[avg] 19.01376 ms, [stdev] 13.81945768336819ms
Throughput: 52.08159728009066 requests per second
Goodput: 52.08159728009066 requests per second
Retry Rate (Successful requests): 1.07968
Sending WIPE-OUT to all servers...
[ ... Completed in 0.008 seconds ]
[OK]
Sending WIPE-OUT to all servers...
[ ... Completed in 0.047 seconds ]
[OK]
Waiting for 5 seconds for the cache to be cleared!

[ TEST Single Front-End Performance (2 clients, 60.0 seconds): PUT -> GET (closed loop) ]
[Info] Received OVERLOAD from the server. Sleeping for [300] ms.
[Test isAlive] for 34.228.184.115:43100
[ ... Completed in 0.006 seconds ]
TEST_PASSED
[ ... TEST Completed in 60.031 seconds ]
Stage 0 Single Front-End: Test Status: TEST_PASSED
Clients: 2
Total Requests (without replies): 6480
Total Requests (including replies): 6946
Successful Responses: 6480
Timeout Responses: 0
Total Failed Responses: 0
% Success: 100.0
% Timeout: 0.0
% Failed: 0.0
Response Time (Successful requests):
[max] 137ms, [min] 5ms
[avg] 18.404938271604937 ms, [stdev] 13.088937476183597ms
Throughput: 107.98380242963556 requests per second
Goodput: 107.98380242963556 requests per second
Retry Rate (Successful requests): 1.0719135802469135
Sending WIPE-OUT to all servers...
[ ... Completed in 0.047 seconds ]
[OK]
Sending WIPE-OUT to all servers...
[ ... Completed in 0.009 seconds ]
[OK]
Waiting for 5 seconds for the cache to be cleared!

[ TEST Single Front-End Performance (8 clients, 60.0 seconds): PUT -> GET (closed loop) ]
[Info] Received OVERLOAD from the server. Sleeping for [300] ms.
[Info] Received OVERLOAD from the server. Sleeping for [300] ms.
[Info] Received OVERLOAD from the server. Sleeping for [300] ms.
[Info] Received OVERLOAD from the server. Sleeping for [300] ms.
[Info] Received OVERLOAD from the server. Sleeping for [300] ms.
[Info] Received OVERLOAD from the server. Sleeping for [300] ms.
[Info] Received OVERLOAD from the server. Sleeping for [300] ms.
[Info] Received OVERLOAD from the server. Sleeping for [300] ms.
[Info] Received OVERLOAD from the server. Sleeping for [300] ms.
[Info] Received OVERLOAD from the server. Sleeping for [300] ms.
[Info] Received OVERLOAD from the server. Sleeping for [300] ms.
[Info] Received OVERLOAD from the server. Sleeping for [300] ms.
[Test isAlive] for 34.228.184.115:43100
[ ... Completed in 0.006 seconds ]
TEST_PASSED
[ ... TEST Completed in 60.032 seconds ]
Stage 0 Single Front-End: Test Status: TEST_PASSED
Clients: 8
Total Requests (without replies): 22310
Total Requests (including replies): 24280
Successful Responses: 22310
Timeout Responses: 0
Total Failed Responses: 0
% Success: 100.0
% Timeout: 0.0
% Failed: 0.0
Response Time (Successful requests):
[max] 297ms, [min] 5ms
[avg] 21.21308830121022 ms, [stdev] 15.57669387645773ms
Throughput: 371.7094301899367 requests per second
Goodput: 371.7094301899367 requests per second
Retry Rate (Successful requests): 1.0883012102196326
Sending WIPE-OUT to all servers...
[ ... Completed in 0.047 seconds ]
[OK]
Sending WIPE-OUT to all servers...
[ ... Completed in 0.008 seconds ]
[OK]
Waiting for 5 seconds for the cache to be cleared!

[ TEST Single Front-End Performance (32 clients, 60.0 seconds): PUT -> GET (closed loop) ]
[Info] Received OVERLOAD from the server. Sleeping for [300] ms.
[Info] Received OVERLOAD from the server. Sleeping for [300] ms.
[Info] Received OVERLOAD from the server. Sleeping for [300] ms.
[Info] Received OVERLOAD from the server. Sleeping for [300] ms.
[Info] Received OVERLOAD from the server. Sleeping for [300] ms.
[Info] Received OVERLOAD from the server. Sleeping for [300] ms.
[Info] Received OVERLOAD from the server. Sleeping for [300] ms.
[Info] Received OVERLOAD from the server. Sleeping for [300] ms.
[Info] Received OVERLOAD from the server. Sleeping for [300] ms.
[Test isAlive] for 34.228.184.115:43100
[ ... Completed in 0.006 seconds ]
TEST_PASSED
[ ... TEST Completed in 60.182 seconds ]
Stage 0 Single Front-End: Test Status: TEST_PASSED
Clients: 32
Total Requests (without replies): 7707
Total Requests (including replies): 24742
Successful Responses: 7707
Timeout Responses: 0
Total Failed Responses: 0
% Success: 100.0
% Timeout: 0.0
% Failed: 0.0
Response Time (Successful requests):
[max] 539ms, [min] 5ms
[avg] 248.53380044115738 ms, [stdev] 93.52474205822686ms
Throughput: 128.08282922289436 requests per second
Goodput: 128.08282922289436 requests per second
Retry Rate (Successful requests): 3.2103282729985727
Sending WIPE-OUT to all servers...
[ ... Completed in 0.048 seconds ]
[OK]
Sending WIPE-OUT to all servers...
[ ... Completed in 0.007 seconds ]
[OK]
Waiting for 5 seconds for the cache to be cleared!

[ TEST Single Front-End Performance (128 clients, 60.0 seconds): PUT -> GET (closed loop) ]
[Info] Received OVERLOAD from the server. Sleeping for [300] ms.
[Info] Received OVERLOAD from the server. Sleeping for [300] ms.
[Info] Received OVERLOAD from the server. Sleeping for [300] ms.
[Info] Received OVERLOAD from the server. Sleeping for [300] ms.
[Info] Received OVERLOAD from the server. Sleeping for [300] ms.
[Info] Received OVERLOAD from the server. Sleeping for [300] ms.
[Info] Received OVERLOAD from the server. Sleeping for [300] ms.
[Info] Received OVERLOAD from the server. Sleeping for [300] ms.
[Test isAlive] for 34.228.184.115:43100
[ ... Completed in 0.006 seconds ]
TEST_PASSED
[ ... TEST Completed in 61.016 seconds ]
Stage 0 Single Front-End: Test Status: TEST_PASSED
Clients: 128
Total Requests (without replies): 9029
Total Requests (including replies): 40197
Successful Responses: 1349
Timeout Responses: 7647
Total Failed Responses: 33
% Success: 14.940746483552996
% Timeout: 84.69376453649352
% Failed: 0.36548897995348323
Response Time (Successful requests):
[max] 971ms, [min] 5ms
[avg] 48.39065974796145 ms, [stdev] 142.7611106320812ms
Throughput: 148.01881998065542 requests per second
Goodput: 22.115116641256414 requests per second
Retry Rate (Successful requests): 4.451988038542474
Sending WIPE-OUT to all servers...
[ ... Completed in 0.046 seconds ]
[OK]
Sending WIPE-OUT to all servers...
[ ... Completed in 0.007 seconds ]
[OK]
Waiting for 5 seconds for the cache to be cleared!

[ TEST Random Front-End Performance (1 clients, 60.0 seconds): PUT -> GET (closed loop) ]
[Test isAlive] for 34.228.184.115:43100
[Test isAlive] for 34.228.184.115:43101
[Test isAlive] for 34.228.184.115:43102
[Test isAlive] for 34.228.184.115:43103
[Test isAlive] for 34.228.184.115:43104
[Test isAlive] for 34.228.184.115:43105
[Test isAlive] for 34.228.184.115:43106
[Test isAlive] for 34.228.184.115:43107
[Test isAlive] for 34.228.184.115:43108
[Test isAlive] for 34.228.184.115:43109
[Test isAlive] for 34.228.184.115:43110
[Test isAlive] for 34.228.184.115:43111
[Test isAlive] for 34.228.184.115:43112
[Test isAlive] for 34.228.184.115:43113
[Test isAlive] for 34.228.184.115:43114
[Test isAlive] for 34.228.184.115:43115
[Test isAlive] for 34.228.184.115:43116
[Test isAlive] for 34.228.184.115:43117
[Test isAlive] for 34.228.184.115:43118
[Test isAlive] for 34.228.184.115:43119
[ ... Completed in 0.047 seconds ]
TEST_PASSED
[ ... TEST Completed in 60.061 seconds ]
Stage 0 Random Front-End: Test Status: TEST_PASSED
Clients: 1
Total Requests (without replies): 2025
Total Requests (including replies): 2255
Successful Responses: 2002
Timeout Responses: 22
Total Failed Responses: 1
% Success: 98.8641975308642
% Timeout: 1.0864197530864197
% Failed: 0.04938271604938271
Response Time (Successful requests):
[max] 414ms, [min] 5ms
[avg] 18.61888111888112 ms, [stdev] 14.414240625646437ms
Throughput: 33.746625337466256 requests per second
Goodput: 33.3633303336333 requests per second
Retry Rate (Successful requests): 1.1135802469135803
Sending WIPE-OUT to all servers...
[ ... Completed in 0.047 seconds ]
[OK]
Sending WIPE-OUT to all servers...
[ ... Completed in 0.008 seconds ]
[OK]
Waiting for 5 seconds for the cache to be cleared!

[ TEST Random Front-End Performance (2 clients, 60.0 seconds): PUT -> GET (closed loop) ]
[Info] Received OVERLOAD from the server. Sleeping for [300] ms.
[Info] Received OVERLOAD from the server. Sleeping for [300] ms.
[Info] Received OVERLOAD from the server. Sleeping for [300] ms.
[Test isAlive] for 34.228.184.115:43101
[Test isAlive] for 34.228.184.115:43102
[Test isAlive] for 34.228.184.115:43100
[Test isAlive] for 34.228.184.115:43103
[Test isAlive] for 34.228.184.115:43104
[Test isAlive] for 34.228.184.115:43105
[Test isAlive] for 34.228.184.115:43106
[Test isAlive] for 34.228.184.115:43107
[Test isAlive] for 34.228.184.115:43108
[Test isAlive] for 34.228.184.115:43109
[Test isAlive] for 34.228.184.115:43110
[Test isAlive] for 34.228.184.115:43111
[Test isAlive] for 34.228.184.115:43112
[Test isAlive] for 34.228.184.115:43113
[Test isAlive] for 34.228.184.115:43114
[Test isAlive] for 34.228.184.115:43115
[Test isAlive] for 34.228.184.115:43116
[Test isAlive] for 34.228.184.115:43117
[Test isAlive] for 34.228.184.115:43118
[Test isAlive] for 34.228.184.115:43119
[ ... Completed in 0.007 seconds ]
TEST_PASSED
[ ... TEST Completed in 60.017 seconds ]
Stage 0 Random Front-End: Test Status: TEST_PASSED
Clients: 2
Total Requests (without replies): 6381
Total Requests (including replies): 6836
Successful Responses: 6381
Timeout Responses: 0
Total Failed Responses: 0
% Success: 100.0
% Timeout: 0.0
% Failed: 0.0
Response Time (Successful requests):
[max] 137ms, [min] 5ms
[avg] 18.533928851277228 ms, [stdev] 12.473472270575959ms
Throughput: 106.33759394737281 requests per second
Goodput: 106.33759394737281 requests per second
Retry Rate (Successful requests): 1.0713054380191191
Sending WIPE-OUT to all servers...
[ ... Completed in 0.007 seconds ]
[OK]
Sending WIPE-OUT to all servers...
[ ... Completed in 0.008 seconds ]
[OK]
Waiting for 5 seconds for the cache to be cleared!

[ TEST Random Front-End Performance (8 clients, 60.0 seconds): PUT -> GET (closed loop) ]
[Info] Received OVERLOAD from the server. Sleeping for [300] ms.
[Info] Received OVERLOAD from the server. Sleeping for [300] ms.
[Info] Received OVERLOAD from the server. Sleeping for [300] ms.
[Info] Received OVERLOAD from the server. Sleeping for [300] ms.
[Info] Received OVERLOAD from the server. Sleeping for [300] ms.
[Test isAlive] for 34.228.184.115:43100
[Test isAlive] for 34.228.184.115:43101
[Test isAlive] for 34.228.184.115:43116
[Test isAlive] for 34.228.184.115:43117
[Test isAlive] for 34.228.184.115:43102
[Test isAlive] for 34.228.184.115:43103
[Test isAlive] for 34.228.184.115:43104
[Test isAlive] for 34.228.184.115:43105
[Test isAlive] for 34.228.184.115:43106
[Test isAlive] for 34.228.184.115:43107
[Test isAlive] for 34.228.184.115:43119
[Test isAlive] for 34.228.184.115:43108
[Test isAlive] for 34.228.184.115:43109
[Test isAlive] for 34.228.184.115:43110
[Test isAlive] for 34.228.184.115:43111
[Test isAlive] for 34.228.184.115:43112
[Test isAlive] for 34.228.184.115:43113
[Test isAlive] for 34.228.184.115:43114
[Test isAlive] for 34.228.184.115:43115
[Test isAlive] for 34.228.184.115:43118
[ ... Completed in 0.048 seconds ]
TEST_PASSED
[ ... TEST Completed in 60.105 seconds ]
Stage 0 Random Front-End: Test Status: TEST_PASSED
Clients: 8
Total Requests (without replies): 25602
Total Requests (including replies): 27531
Successful Responses: 25602
Timeout Responses: 0
Total Failed Responses: 0
% Success: 100.0
% Timeout: 0.0
% Failed: 0.0
Response Time (Successful requests):
[max] 297ms, [min] 5ms
[avg] 18.620264041871728 ms, [stdev] 13.2081049024829ms
Throughput: 426.34471273938385 requests per second
Goodput: 426.34471273938385 requests per second
Retry Rate (Successful requests): 1.0753456761190532
Sending WIPE-OUT to all servers...
[ ... Completed in 0.008 seconds ]
[OK]
Sending WIPE-OUT to all servers...
[ ... Completed in 0.047 seconds ]
[OK]
Waiting for 5 seconds for the cache to be cleared!

[ TEST Random Front-End Performance (32 clients, 60.0 seconds): PUT -> GET (closed loop) ]
[Info] Received OVERLOAD from the server. Sleeping for [300] ms.
[Info] Received OVERLOAD from the server. Sleeping for [300] ms.
[Info] Received OVERLOAD from the server. Sleeping for [300] ms.
[Info] Received OVERLOAD from the server. Sleeping for [300] ms.
[Info] Received OVERLOAD from the server. Sleeping for [300] ms.
[Info] Received OVERLOAD from the server. Sleeping for [300] ms.
[Info] Received OVERLOAD from the server. Sleeping for [300] ms.
[Info] Received OVERLOAD from the server. Sleeping for [300] ms.
[Info] Received OVERLOAD from the server. Sleeping for [300] ms.
[Info] Received OVERLOAD from the server. Sleeping for [300] ms.
[Info] Received OVERLOAD from the server. Sleeping for [300] ms.
[Info] Received OVERLOAD from the server. Sleeping for [300] ms.
[Info] Received OVERLOAD from the server. Sleeping for [300] ms.
[Info] Received OVERLOAD from the server. Sleeping for [300] ms.
[Info] Received OVERLOAD from the server. Sleeping for [300] ms.
[Info] Received OVERLOAD from the server. Sleeping for [300] ms.
[Info] Received OVERLOAD from the server. Sleeping for [300] ms.
[Info] Received OVERLOAD from the server. Sleeping for [300] ms.
[Info] Received OVERLOAD from the server. Sleeping for [300] ms.
[Info] Received OVERLOAD from the server. Sleeping for [300] ms.
[Info] Received OVERLOAD from the server. Sleeping for [300] ms.
[Info] Received OVERLOAD from the server. Sleeping for [300] ms.
[Info] Received OVERLOAD from the server. Sleeping for [300] ms.
[Info] Received OVERLOAD from the server. Sleeping for [300] ms.
[Info] Received OVERLOAD from the server. Sleeping for [300] ms.
[Info] Received OVERLOAD from the server. Sleeping for [300] ms.
[Info] Received OVERLOAD from the server. Sleeping for [300] ms.
[Info] Received OVERLOAD from the server. Sleeping for [300] ms.
[Info] Received OVERLOAD from the server. Sleeping for [300] ms.
[Info] Received OVERLOAD from the server. Sleeping for [300] ms.
[Info] Received OVERLOAD from the server. Sleeping for [300] ms.
[Info] Received OVERLOAD from the server. Sleeping for [300] ms.
[Info] Received OVERLOAD from the server. Sleeping for [300] ms.
[Info] Received OVERLOAD from the server. Sleeping for [300] ms.
[Info] Received OVERLOAD from the server. Sleeping for [300] ms.
[Info] Received OVERLOAD from the server. Sleeping for [300] ms.
[Info] Received OVERLOAD from the server. Sleeping for [300] ms.
[Info] Received OVERLOAD from the server. Sleeping for [300] ms.
[Info] Received OVERLOAD from the server. Sleeping for [300] ms.
[Info] Received OVERLOAD from the server. Sleeping for [300] ms.
[Test isAlive] for 34.228.184.115:43101
[Test isAlive] for 34.228.184.115:43104
[Test isAlive] for 34.228.184.115:43103
[Test isAlive] for 34.228.184.115:43105
[Test isAlive] for 34.228.184.115:43100
[Test isAlive] for 34.228.184.115:43102
[Test isAlive] for 34.228.184.115:43106
[Test isAlive] for 34.228.184.115:43107
[Test isAlive] for 34.228.184.115:43108
[Test isAlive] for 34.228.184.115:43109
[Test isAlive] for 34.228.184.115:43110
[Test isAlive] for 34.228.184.115:43111
[Test isAlive] for 34.228.184.115:43112
[Test isAlive] for 34.228.184.115:43113
[Test isAlive] for 34.228.184.115:43114
[Test isAlive] for 34.228.184.115:43115
[Test isAlive] for 34.228.184.115:43116
[Test isAlive] for 34.228.184.115:43117
[Test isAlive] for 34.228.184.115:43118
[Test isAlive] for 34.228.184.115:43119
[ ... Completed in 0.008 seconds ]
TEST_PASSED
[ ... TEST Completed in 60.149 seconds ]
[ CPU load (loadavg, last one minute) 0.07 ]
Stage 0 Random Front-End: Test Status: TEST_PASSED
Clients: 32
Total Requests (without replies): 101238
Total Requests (including replies): 108949
Successful Responses: 101238
Timeout Responses: 0
Total Failed Responses: 0
% Success: 100.0
% Timeout: 0.0
% Failed: 0.0
Response Time (Successful requests):
[max] 297ms, [min] 5ms
[avg] 18.741727414607162 ms, [stdev] 13.154211022113902ms
Throughput: 1684.212277491266 requests per second
Goodput: 1684.212277491266 requests per second
Retry Rate (Successful requests): 1.0761670518975088
Sending WIPE-OUT to all servers...
[ ... Completed in 0.012 seconds ]
[OK]
Sending WIPE-OUT to all servers...
[ ... Completed in 0.011 seconds ]
[OK]
Waiting for 5 seconds for the cache to be cleared!

[ TEST Random Front-End Performance (128 clients, 60.0 seconds): PUT -> GET (closed loop) ]
[Info] Received OVERLOAD from the server. Sleeping for [300] ms.
[Info] Received OVERLOAD from the server. Sleeping for [300] ms.
[Info] Received OVERLOAD from the server. Sleeping for [300] ms.
[Info] Received OVERLOAD from the server. Sleeping for [300] ms.
[Info] Received OVERLOAD from the server. Sleeping for [300] ms.
[Info] Received OVERLOAD from the server. Sleeping for [300] ms.
[Info] Received OVERLOAD from the server. Sleeping for [300] ms.
[Info] Received OVERLOAD from the server. Sleeping for [300] ms.
[Info] Received OVERLOAD from the server. Sleeping for [300] ms.
[Info] Received OVERLOAD from the server. Sleeping for [300] ms.
[Info] Received OVERLOAD from the server. Sleeping for [300] ms.
[Info] Received OVERLOAD from the server. Sleeping for [300] ms.
[Info] Received OVERLOAD from the server. Sleeping for [300] ms.
[Info] Received OVERLOAD from the server. Sleeping for [300] ms.
[Info] Received OVERLOAD from the server. Sleeping for [300] ms.
[Info] Received OVERLOAD from the server. Sleeping for [300] ms.
[Info] Received OVERLOAD from the server. Sleeping for [300] ms.
[Info] Received OVERLOAD from the server. Sleeping for [300] ms.
[Info] Received OVERLOAD from the server. Sleeping for [300] ms.
[Info] Received OVERLOAD from the server. Sleeping for [300] ms.
[Info] Received OVERLOAD from the server. Sleeping for [300] ms.
[Info] Received OVERLOAD from the server. Sleeping for [300] ms.
[Info] Received OVERLOAD from the server. Sleeping for [300] ms.
[Info] Received OVERLOAD from the server. Sleeping for [300] ms.
[Info] Received OVERLOAD from the server. Sleeping for [300] ms.
[Info] Received OVERLOAD from the server. Sleeping for [300] ms.
[Info] Received OVERLOAD from the server. Sleeping for [300] ms.
[Info] Received OVERLOAD from the server. Sleeping for [300] ms.
[Info] Received OVERLOAD from the server. Sleeping for [300] ms.
[Info] Received OVERLOAD from the server. Sleeping for [300] ms.
[Info] Received OVERLOAD from the server. Sleeping for [300] ms.
[Info] Received OVERLOAD from the server. Sleeping for [300] ms.
[Info] Received OVERLOAD from the server. Sleeping for [300] ms.
[Info] Received OVERLOAD from the server. Sleeping for [300] ms.
[Info] Received OVERLOAD from the server. Sleeping for [300] ms.
[Info] Received OVERLOAD from the server. Sleeping for [300] ms.
[Info] Received OVERLOAD from the server. Sleeping for [300] ms.
[Info] Received OVERLOAD from the server. Sleeping for [300] ms.
[Info] Received OVERLOAD from the server. Sleeping for [300] ms.
[Info] Received OVERLOAD from the server. Sleeping for [300] ms.
[Info] Received OVERLOAD from the server. Sleeping for [300] ms.
[Info] Received OVERLOAD from the server. Sleeping for [300] ms.
[Info] Received OVERLOAD from the server. Sleeping for [300] ms.
[Info] Received OVERLOAD from the server. Sleeping for [300] ms.
[Test isAlive] for 34.228.184.115:43101
[Test isAlive] for 34.228.184.115:43100
[Test isAlive] for 34.228.184.115:43102
[Test isAlive] for 34.228.184.115:43103
[Test isAlive] for 34.228.184.115:43104
[Test isAlive] for 34.228.184.115:43105
[Test isAlive] for 34.228.184.115:43106
[Test isAlive] for 34.228.184.115:43107
[Test isAlive] for 34.228.184.115:43108
[Test isAlive] for 34.228.184.115:43109
[Test isAlive] for 34.228.184.115:43110
[Test isAlive] for 34.228.184.115:43111
[Test isAlive] for 34.228.184.115:43112
[Test isAlive] for 34.228.184.115:43113
[Test isAlive] for 34.228.184.115:43114
[Test isAlive] for 34.228.184.115:43115
[Test isAlive] for 34.228.184.115:43116
[Test isAlive] for 34.228.184.115:43117
[Test isAlive] for 34.228.184.115:43118
[Test isAlive] for 34.228.184.115:43119
[ ... Completed in 0.008 seconds ]
TEST_PASSED
[ ... TEST Completed in 61.03 seconds ]
[ CPU load (loadavg, last one minute) 0.21 ]
Stage 0 Random Front-End: Test Status: TEST_PASSED
Clients: 128
Total Requests (without replies): 118345
Total Requests (including replies): 150913
Successful Responses: 113199
Timeout Responses: 5121
Total Failed Responses: 25
% Success: 95.65169631163124
% Timeout: 4.32717901052009
% Failed: 0.021124677848662808
Response Time (Successful requests):
[max] 993ms, [min] 5ms
[avg] 22.658689564395445 ms, [stdev] 48.21916270633466ms
Throughput: 1940.4318811588976 requests per second
Goodput: 1856.056010100182 requests per second
Retry Rate (Successful requests): 1.2751954032701
Sending WIPE-OUT to all servers...
[ ... Completed in 0.008 seconds ]
[OK]

[ TEST Concurrent Store/Load (Clients = 10, Value Size = 1000 bytes, Limit = 2000 PUTs, ~1.91 MiB) ]
Issuing puts... 
[DONE in 10.82s]
Confirming... 
[DONE in 3.919s]
TEST_PASSED
[Info] To shutdown - 3 nodes.

[ TEST Crash; Key Recovery ]
[Test isAlive] for 34.228.184.115:43117
[Test isAlive] for 34.228.184.115:43108
[Test isAlive] for 34.228.184.115:43101
[ ... Completed in 0.006 seconds ]
[Test isAlive] for 34.228.184.115:43100
[Test isAlive] for 34.228.184.115:43115
[Test isAlive] for 34.228.184.115:43111
[Test isAlive] for 34.228.184.115:43112
[Test isAlive] for 34.228.184.115:43119
[Test isAlive] for 34.228.184.115:43109
[Test isAlive] for 34.228.184.115:43102
[Test isAlive] for 34.228.184.115:43103
[Test isAlive] for 34.228.184.115:43116
[Test isAlive] for 34.228.184.115:43114
[Test isAlive] for 34.228.184.115:43110
[Test isAlive] for 34.228.184.115:43104
[Test isAlive] for 34.228.184.115:43107
[Test isAlive] for 34.228.184.115:43105
[Test isAlive] for 34.228.184.115:43113
[Test isAlive] for 34.228.184.115:43106
[Test isAlive] for 34.228.184.115:43118
[ ... Completed in 0.046 seconds ]
Determining if storage was successful... 
[Info] Received OVERLOAD from the server. Sleeping for [300] ms.
[DONE in 4.876s]
Sending SHUTDOWN to 3 servers.
[ ... Completed in 1.002 seconds ]
[Test isAlive] for 34.228.184.115:43117
[Test isAlive] for 34.228.184.115:43108
[Test isAlive] for 34.228.184.115:43101
[ ... Completed in 10.016 seconds ]
[Test isAlive] for 34.228.184.115:43100
[Test isAlive] for 34.228.184.115:43115
[Test isAlive] for 34.228.184.115:43111
[Test isAlive] for 34.228.184.115:43112
[Test isAlive] for 34.228.184.115:43119
[Test isAlive] for 34.228.184.115:43109
[Test isAlive] for 34.228.184.115:43102
[Test isAlive] for 34.228.184.115:43103
[Test isAlive] for 34.228.184.115:43116
[Test isAlive] for 34.228.184.115:43114
[Test isAlive] for 34.228.184.115:43110
[Test isAlive] for 34.228.184.115:43104
[Test isAlive] for 34.228.184.115:43107
[Test isAlive] for 34.228.184.115:43105
[Test isAlive] for 34.228.184.115:43113
[Test isAlive] for 34.228.184.115:43106
[Test isAlive] for 34.228.184.115:43118
[ ... Completed in 0.008 seconds ]
Attempting retrieval of keys... 
[Info] Received OVERLOAD from the server. Sleeping for [300] ms.
[DONE in 4.199s]
[Test isAlive] for 34.228.184.115:43117
[Test isAlive] for 34.228.184.115:43108
[Test isAlive] for 34.228.184.115:43101
[ ... Completed in 10.016 seconds ]
[Test isAlive] for 34.228.184.115:43100
[Test isAlive] for 34.228.184.115:43115
[Test isAlive] for 34.228.184.115:43111
[Test isAlive] for 34.228.184.115:43112
[Test isAlive] for 34.228.184.115:43119
[Test isAlive] for 34.228.184.115:43109
[Test isAlive] for 34.228.184.115:43102
[Test isAlive] for 34.228.184.115:43103
[Test isAlive] for 34.228.184.115:43116
[Test isAlive] for 34.228.184.115:43114
[Test isAlive] for 34.228.184.115:43110
[Test isAlive] for 34.228.184.115:43104
[Test isAlive] for 34.228.184.115:43107
[Test isAlive] for 34.228.184.115:43105
[Test isAlive] for 34.228.184.115:43113
[Test isAlive] for 34.228.184.115:43106
[Test isAlive] for 34.228.184.115:43118
[ ... Completed in 0.007 seconds ]
Of 2000 usable puts:
Failed: 177 Timed out: 0 Invalid value: 0
Expecting 15.0% keys to fail. Actual failed: 8.85%
TEST_PASSED
[ ... TEST Completed in 30.184 seconds ]
Sending WIPE-OUT to all servers...
[ ... Completed in 0.007 seconds ]
[OK]
Waiting for 5 seconds for the cache to be cleared!

[ TEST Random Front-End Basic (PUT -> GET -> REM -> REM -> GET). Value Length = 8 Bytes ]
TEST_PASSED

[ TEST Random Front-End Basic (PUT -> GET -> REM -> REM -> GET). Value Length = 32 Bytes ]
TEST_PASSED

[ TEST Random Front-End Basic (PUT -> GET -> REM -> REM -> GET). Value Length = 512 Bytes ]
TEST_PASSED

[ TEST Random Front-End Basic (PUT -> GET -> REM -> REM -> GET). Value Length = 1024 Bytes ]
TEST_PASSED
[ ... TEST Completed in 0.487 seconds ]
Sending WIPE-OUT to all servers...
[ ... Completed in 0.007 seconds ]
[OK]
Waiting for 5 seconds for the cache to be cleared!

[ TEST Single Front-End Performance (1 clients, 60.0 seconds): PUT -> GET (closed loop) ]
[Test isAlive] for 34.228.184.115:43100
[ ... Completed in 0.006 seconds ]
TEST_PASSED
[ ... TEST Completed in 60.02 seconds ]
Stage 2 Single Front-End: Test Status: TEST_PASSED
Clients: 1
Total Requests (without replies): 3252
Total Requests (including replies): 3490
Successful Responses: 3252
Timeout Responses: 0
Total Failed Responses: 0
% Success: 100.0
% Timeout: 0.0
% Failed: 0.0
Response Time (Successful requests):
[max] 137ms, [min] 5ms
[avg] 18.436346863468636 ms, [stdev] 12.334760527951463ms
Throughput: 54.18825921050439 requests per second
Goodput: 54.18825921050439 requests per second
Retry Rate (Successful requests): 1.0731857318573186
Sending WIPE-OUT to all servers...
[ ... Completed in 0.046 seconds ]
[OK]
Sending WIPE-OUT to all servers...
[ ... Completed in 0.047 seconds ]
[OK]
Waiting for 5 seconds for the cache to be cleared!

[ TEST Single Front-End Performance (2 clients, 60.0 seconds): PUT -> GET (closed loop) ]
[Info] Received OVERLOAD from the server. Sleeping for [300] ms.
[Info] Received OVERLOAD from the server. Sleeping for [300] ms.
[Info] Received OVERLOAD from the server. Sleeping for [300] ms.
[Test isAlive] for 34.228.184.115:43100
[ ... Completed in 0.006 seconds ]
TEST_PASSED
[ ... TEST Completed in 60.019 seconds ]
Stage 2 Single Front-End: Test Status: TEST_PASSED
Clients: 2
Total Requests (without replies): 6466
Total Requests (including replies): 6938
Successful Responses: 6466
Timeout Responses: 0
Total Failed Responses: 0
% Success: 100.0
% Timeout: 0.0
% Failed: 0.0
Response Time (Successful requests):
[max] 137ms, [min] 5ms
[avg] 18.294772656974946 ms, [stdev] 13.402141936758076ms
Throughput: 107.74691306593792 requests per second
Goodput: 107.74691306593792 requests per second
Retry Rate (Successful requests): 1.0729972162078565
Sending WIPE-OUT to all servers...
[ ... Completed in 0.05 seconds ]
[OK]
Sending WIPE-OUT to all servers...
[ ... Completed in 0.006 seconds ]
[OK]
Waiting for 5 seconds for the cache to be cleared!

[ TEST Single Front-End Performance (8 clients, 60.0 seconds): PUT -> GET (closed loop) ]
[Info] Received OVERLOAD from the server. Sleeping for [300] ms.
[Info] Received OVERLOAD from the server. Sleeping for [300] ms.
[Info] Received OVERLOAD from the server. Sleeping for [300] ms.
[Info] Received OVERLOAD from the server. Sleeping for [300] ms.
[Info] Received OVERLOAD from the server. Sleeping for [300] ms.
[Info] Received OVERLOAD from the server. Sleeping for [300] ms.
[Info] Received OVERLOAD from the server. Sleeping for [300] ms.
[Info] Received OVERLOAD from the server. Sleeping for [300] ms.
[Info] Received OVERLOAD from the server. Sleeping for [300] ms.
[Info] Received OVERLOAD from the server. Sleeping for [300] ms.
[Info] Received OVERLOAD from the server. Sleeping for [300] ms.
[Info] Received OVERLOAD from the server. Sleeping for [300] ms.
[Info] Received OVERLOAD from the server. Sleeping for [300] ms.
[Test isAlive] for 34.228.184.115:43100
[ ... Completed in 0.005 seconds ]
TEST_PASSED
[ ... TEST Completed in 60.047 seconds ]
Stage 2 Single Front-End: Test Status: TEST_PASSED
Clients: 8
Total Requests (without replies): 22103
Total Requests (including replies): 24217
Successful Responses: 22103
Timeout Responses: 0
Total Failed Responses: 0
% Success: 100.0
% Timeout: 0.0
% Failed: 0.0
Response Time (Successful requests):
[max] 277ms, [min] 5ms
[avg] 21.392163959643486 ms, [stdev] 15.5340507643452ms
Throughput: 368.1685683351378 requests per second
Goodput: 368.1685683351378 requests per second
Retry Rate (Successful requests): 1.0956431253675971
Sending WIPE-OUT to all servers...
[ ... Completed in 0.045 seconds ]
[OK]
Sending WIPE-OUT to all servers...
[ ... Completed in 0.006 seconds ]
[OK]
Waiting for 5 seconds for the cache to be cleared!

[ TEST Single Front-End Performance (32 clients, 60.0 seconds): PUT -> GET (closed loop) ]
[Info] Received OVERLOAD from the server. Sleeping for [300] ms.
[Info] Received OVERLOAD from the server. Sleeping for [300] ms.
[Info] Received OVERLOAD from the server. Sleeping for [300] ms.
[Info] Received OVERLOAD from the server. Sleeping for [300] ms.
[Info] Received OVERLOAD from the server. Sleeping for [300] ms.
[Info] Received OVERLOAD from the server. Sleeping for [300] ms.
[Info] Received OVERLOAD from the server. Sleeping for [300] ms.
[Info] Received OVERLOAD from the server. Sleeping for [300] ms.
[Info] Received OVERLOAD from the server. Sleeping for [300] ms.
[Info] Received OVERLOAD from the server. Sleeping for [300] ms.
[Info] Received OVERLOAD from the server. Sleeping for [300] ms.
[Info] Received OVERLOAD from the server. Sleeping for [300] ms.
[Info] Received OVERLOAD from the server. Sleeping for [300] ms.
[Test isAlive] for 34.228.184.115:43100
[ ... Completed in 0.006 seconds ]
TEST_PASSED
[ ... TEST Completed in 60.197 seconds ]
Stage 2 Single Front-End: Test Status: TEST_PASSED
Clients: 32
Total Requests (without replies): 7989
Total Requests (including replies): 25433
Successful Responses: 7989
Timeout Responses: 0
Total Failed Responses: 0
% Success: 100.0
% Timeout: 0.0
% Failed: 0.0
Response Time (Successful requests):
[max] 496ms, [min] 5ms
[avg] 239.5240956314933 ms, [stdev] 89.43957627039892ms
Throughput: 132.73409982056225 requests per second
Goodput: 132.73409982056225 requests per second
Retry Rate (Successful requests): 3.1835023156840654
Sending WIPE-OUT to all servers...
[ ... Completed in 0.007 seconds ]
[OK]
Sending WIPE-OUT to all servers...
[ ... Completed in 0.006 seconds ]
[OK]
Waiting for 5 seconds for the cache to be cleared!

[ TEST Single Front-End Performance (128 clients, 60.0 seconds): PUT -> GET (closed loop) ]
[Info] Received OVERLOAD from the server. Sleeping for [300] ms.
[Info] Received OVERLOAD from the server. Sleeping for [300] ms.
[Info] Received OVERLOAD from the server. Sleeping for [300] ms.
[Info] Received OVERLOAD from the server. Sleeping for [300] ms.
[Info] Received OVERLOAD from the server. Sleeping for [300] ms.
[Info] Received OVERLOAD from the server. Sleeping for [300] ms.
[Test isAlive] for 34.228.184.115:43100
[ ... Completed in 0.007 seconds ]
TEST_PASSED
[ ... TEST Completed in 60.996 seconds ]
Stage 2 Single Front-End: Test Status: TEST_PASSED
Clients: 128
Total Requests (without replies): 9155
Total Requests (including replies): 40336
Successful Responses: 1493
Timeout Responses: 7633
Total Failed Responses: 29
% Success: 16.30802839978154
% Timeout: 83.37520480611687
% Failed: 0.3167667941015838
Response Time (Successful requests):
[max] 995ms, [min] 5ms
[avg] 56.521098459477564 ms, [stdev] 167.5116786431554ms
Throughput: 150.1188816922194 requests per second
Goodput: 24.48142985980159 requests per second
Retry Rate (Successful requests): 4.405898416166029
Sending WIPE-OUT to all servers...
[ ... Completed in 0.007 seconds ]
[OK]
Sending WIPE-OUT to all servers...
[ ... Completed in 0.007 seconds ]
[OK]
Waiting for 5 seconds for the cache to be cleared!

[ TEST Random Front-End Performance (1 clients, 60.0 seconds): PUT -> GET (closed loop) ]
[Test isAlive] for 34.228.184.115:43100
[Test isAlive] for 34.228.184.115:43115
[Test isAlive] for 34.228.184.115:43111
[Test isAlive] for 34.228.184.115:43112
[Test isAlive] for 34.228.184.115:43119
[Test isAlive] for 34.228.184.115:43109
[Test isAlive] for 34.228.184.115:43102
[Test isAlive] for 34.228.184.115:43103
[Test isAlive] for 34.228.184.115:43116
[Test isAlive] for 34.228.184.115:43114
[Test isAlive] for 34.228.184.115:43110
[Test isAlive] for 34.228.184.115:43104
[Test isAlive] for 34.228.184.115:43107
[Test isAlive] for 34.228.184.115:43105
[Test isAlive] for 34.228.184.115:43113
[Test isAlive] for 34.228.184.115:43106
[Test isAlive] for 34.228.184.115:43118
[ ... Completed in 0.007 seconds ]
TEST_PASSED
[ ... TEST Completed in 60.024 seconds ]
Stage 2 Random Front-End: Test Status: TEST_PASSED
Clients: 1
Total Requests (without replies): 2077
Total Requests (including replies): 2317
Successful Responses: 2055
Timeout Responses: 22
Total Failed Responses: 0
% Success: 98.94077997111218
% Timeout: 1.059220028887819
% Failed: 0.0
Response Time (Successful requests):
[max] 138ms, [min] 5ms
[avg] 18.460340632603405 ms, [stdev] 13.601104108637209ms
Throughput: 34.607438016528924 requests per second
Goodput: 34.24086910157291 requests per second
Retry Rate (Successful requests): 1.1155512758786712
Sending WIPE-OUT to all servers...
[ ... Completed in 0.046 seconds ]
[OK]
Sending WIPE-OUT to all servers...
[ ... Completed in 0.046 seconds ]
[OK]
Waiting for 5 seconds for the cache to be cleared!

[ TEST Random Front-End Performance (2 clients, 60.0 seconds): PUT -> GET (closed loop) ]
[Info] Received OVERLOAD from the server. Sleeping for [300] ms.
[Info] Received OVERLOAD from the server. Sleeping for [300] ms.
[Info] Received OVERLOAD from the server. Sleeping for [300] ms.
[Info] Received OVERLOAD from the server. Sleeping for [300] ms.
[Info] Received OVERLOAD from the server. Sleeping for [300] ms.
[Test isAlive] for 34.228.184.115:43111
[Test isAlive] for 34.228.184.115:43100
[Test isAlive] for 34.228.184.115:43112
[Test isAlive] for 34.228.184.115:43115
[Test isAlive] for 34.228.184.115:43119
[Test isAlive] for 34.228.184.115:43109
[Test isAlive] for 34.228.184.115:43102
[Test isAlive] for 34.228.184.115:43103
[Test isAlive] for 34.228.184.115:43116
[Test isAlive] for 34.228.184.115:43114
[Test isAlive] for 34.228.184.115:43110
[Test isAlive] for 34.228.184.115:43104
[Test isAlive] for 34.228.184.115:43107
[Test isAlive] for 34.228.184.115:43105
[Test isAlive] for 34.228.184.115:43113
[Test isAlive] for 34.228.184.115:43106
[Test isAlive] for 34.228.184.115:43118
[ ... Completed in 0.048 seconds ]
TEST_PASSED
[ ... TEST Completed in 60.084 seconds ]
Stage 2 Random Front-End: Test Status: TEST_PASSED
Clients: 2
Total Requests (without replies): 6316
Total Requests (including replies): 6809
Successful Responses: 6316
Timeout Responses: 0
Total Failed Responses: 0
% Success: 100.0
% Timeout: 0.0
% Failed: 0.0
Response Time (Successful requests):
[max] 137ms, [min] 5ms
[avg] 18.56887270424319 ms, [stdev] 13.052465380050023ms
Throughput: 105.20880182566255 requests per second
Goodput: 105.20880182566255 requests per second
Retry Rate (Successful requests): 1.0780557314756174
Sending WIPE-OUT to all servers...
[ ... Completed in 0.046 seconds ]
[OK]
Sending WIPE-OUT to all servers...
[ ... Completed in 0.007 seconds ]
[OK]
Waiting for 5 seconds for the cache to be cleared!

[ TEST Random Front-End Performance (8 clients, 60.0 seconds): PUT -> GET (closed loop) ]
[Info] Received OVERLOAD from the server. Sleeping for [300] ms.
[Info] Received OVERLOAD from the server. Sleeping for [300] ms.
[Info] Received OVERLOAD from the server. Sleeping for [300] ms.
[Info] Received OVERLOAD from the server. Sleeping for [300] ms.
[Info] Received OVERLOAD from the server. Sleeping for [300] ms.
[Info] Received OVERLOAD from the server. Sleeping for [300] ms.
[Info] Received OVERLOAD from the server. Sleeping for [300] ms.
[Test isAlive] for 34.228.184.115:43100
[Test isAlive] for 34.228.184.115:43115
[Test isAlive] for 34.228.184.115:43111
[Test isAlive] for 34.228.184.115:43112
[Test isAlive] for 34.228.184.115:43119
[Test isAlive] for 34.228.184.115:43109
[Test isAlive] for 34.228.184.115:43102
[Test isAlive] for 34.228.184.115:43103
[Test isAlive] for 34.228.184.115:43116
[Test isAlive] for 34.228.184.115:43114
[Test isAlive] for 34.228.184.115:43110
[Test isAlive] for 34.228.184.115:43104
[Test isAlive] for 34.228.184.115:43107
[Test isAlive] for 34.228.184.115:43105
[Test isAlive] for 34.228.184.115:43113
[Test isAlive] for 34.228.184.115:43106
[Test isAlive] for 34.228.184.115:43118
[ ... Completed in 0.007 seconds ]
TEST_PASSED
[ ... TEST Completed in 60.105 seconds ]
Stage 2 Random Front-End: Test Status: TEST_PASSED
Clients: 8
Total Requests (without replies): 25880
Total Requests (including replies): 27789
Successful Responses: 25880
Timeout Responses: 0
Total Failed Responses: 0
% Success: 100.0
% Timeout: 0.0
% Failed: 0.0
Response Time (Successful requests):
[max] 297ms, [min] 5ms
[avg] 18.39014683153014 ms, [stdev] 13.667764746947666ms
Throughput: 430.6801351283886 requests per second
Goodput: 430.6801351283886 requests per second
Retry Rate (Successful requests): 1.0737635239567234
Sending WIPE-OUT to all servers...
[ ... Completed in 0.046 seconds ]
[OK]
Sending WIPE-OUT to all servers...
[ ... Completed in 0.006 seconds ]
[OK]
Waiting for 5 seconds for the cache to be cleared!

[ TEST Random Front-End Performance (32 clients, 60.0 seconds): PUT -> GET (closed loop) ]
[Info] Received OVERLOAD from the server. Sleeping for [300] ms.
[Info] Received OVERLOAD from the server. Sleeping for [300] ms.
[Info] Received OVERLOAD from the server. Sleeping for [300] ms.
[Info] Received OVERLOAD from the server. Sleeping for [300] ms.
[Info] Received OVERLOAD from the server. Sleeping for [300] ms.
[Info] Received OVERLOAD from the server. Sleeping for [300] ms.
[Info] Received OVERLOAD from the server. Sleeping for [300] ms.
[Info] Received OVERLOAD from the server. Sleeping for [300] ms.
[Info] Received OVERLOAD from the server. Sleeping for [300] ms.
[Info] Received OVERLOAD from the server. Sleeping for [300] ms.
[Info] Received OVERLOAD from the server. Sleeping for [300] ms.
[Info] Received OVERLOAD from the server. Sleeping for [300] ms.
[Info] Received OVERLOAD from the server. Sleeping for [300] ms.
[Info] Received OVERLOAD from the server. Sleeping for [300] ms.
[Info] Received OVERLOAD from the server. Sleeping for [300] ms.
[Info] Received OVERLOAD from the server. Sleeping for [300] ms.
[Info] Received OVERLOAD from the server. Sleeping for [300] ms.
[Info] Received OVERLOAD from the server. Sleeping for [300] ms.
[Info] Received OVERLOAD from the server. Sleeping for [300] ms.
[Info] Received OVERLOAD from the server. Sleeping for [300] ms.
[Info] Received OVERLOAD from the server. Sleeping for [300] ms.
[Info] Received OVERLOAD from the server. Sleeping for [300] ms.
[Info] Received OVERLOAD from the server. Sleeping for [300] ms.
[Info] Received OVERLOAD from the server. Sleeping for [300] ms.
[Info] Received OVERLOAD from the server. Sleeping for [300] ms.
[Info] Received OVERLOAD from the server. Sleeping for [300] ms.
[Info] Received OVERLOAD from the server. Sleeping for [300] ms.
[Info] Received OVERLOAD from the server. Sleeping for [300] ms.
[Info] Received OVERLOAD from the server. Sleeping for [300] ms.
[Info] Received OVERLOAD from the server. Sleeping for [300] ms.
[Test isAlive] for 34.228.184.115:43115
[Test isAlive] for 34.228.184.115:43100
[Test isAlive] for 34.228.184.115:43112
[Test isAlive] for 34.228.184.115:43111
[Test isAlive] for 34.228.184.115:43119
[Test isAlive] for 34.228.184.115:43109
[Test isAlive] for 34.228.184.115:43102
[Test isAlive] for 34.228.184.115:43103
[Test isAlive] for 34.228.184.115:43116
[Test isAlive] for 34.228.184.115:43114
[Test isAlive] for 34.228.184.115:43110
[Test isAlive] for 34.228.184.115:43104
[Test isAlive] for 34.228.184.115:43107
[Test isAlive] for 34.228.184.115:43105
[Test isAlive] for 34.228.184.115:43113
[Test isAlive] for 34.228.184.115:43106
[Test isAlive] for 34.228.184.115:43118
[ ... Completed in 0.008 seconds ]
TEST_PASSED
[ ... TEST Completed in 60.168 seconds ]
[ CPU load (loadavg, last one minute) 0.12 ]
Stage 2 Random Front-End: Test Status: TEST_PASSED
Clients: 32
Total Requests (without replies): 103482
Total Requests (including replies): 111076
Successful Responses: 103482
Timeout Responses: 0
Total Failed Responses: 0
% Success: 100.0
% Timeout: 0.0
% Failed: 0.0
Response Time (Successful requests):
[max] 296ms, [min] 5ms
[avg] 18.388569992848996 ms, [stdev] 13.07280237765153ms
Throughput: 1720.9426086378076 requests per second
Goodput: 1720.9426086378076 requests per second
Retry Rate (Successful requests): 1.0733847432403703
Sending WIPE-OUT to all servers...
[ ... Completed in 0.047 seconds ]
[OK]
Sending WIPE-OUT to all servers...
[ ... Completed in 0.046 seconds ]
[OK]
Waiting for 5 seconds for the cache to be cleared!

[ TEST Random Front-End Performance (128 clients, 60.0 seconds): PUT -> GET (closed loop) ]
[Info] Received OVERLOAD from the server. Sleeping for [300] ms.
[Info] Received OVERLOAD from the server. Sleeping for [300] ms.
[Info] Received OVERLOAD from the server. Sleeping for [300] ms.
[Info] Received OVERLOAD from the server. Sleeping for [300] ms.
[Info] Received OVERLOAD from the server. Sleeping for [300] ms.
[Info] Received OVERLOAD from the server. Sleeping for [300] ms.
[Info] Received OVERLOAD from the server. Sleeping for [300] ms.
[Info] Received OVERLOAD from the server. Sleeping for [300] ms.
[Info] Received OVERLOAD from the server. Sleeping for [300] ms.
[Info] Received OVERLOAD from the server. Sleeping for [300] ms.
[Info] Received OVERLOAD from the server. Sleeping for [300] ms.
[Info] Received OVERLOAD from the server. Sleeping for [300] ms.
[Info] Received OVERLOAD from the server. Sleeping for [300] ms.
[Info] Received OVERLOAD from the server. Sleeping for [300] ms.
[Info] Received OVERLOAD from the server. Sleeping for [300] ms.
[Info] Received OVERLOAD from the server. Sleeping for [300] ms.
[Info] Received OVERLOAD from the server. Sleeping for [300] ms.
[Info] Received OVERLOAD from the server. Sleeping for [300] ms.
[Info] Received OVERLOAD from the server. Sleeping for [300] ms.
[Info] Received OVERLOAD from the server. Sleeping for [300] ms.
[Info] Received OVERLOAD from the server. Sleeping for [300] ms.
[Info] Received OVERLOAD from the server. Sleeping for [300] ms.
[Info] Received OVERLOAD from the server. Sleeping for [300] ms.
[Info] Received OVERLOAD from the server. Sleeping for [300] ms.
[Info] Received OVERLOAD from the server. Sleeping for [300] ms.
[Info] Received OVERLOAD from the server. Sleeping for [300] ms.
[Info] Received OVERLOAD from the server. Sleeping for [300] ms.
[Info] Received OVERLOAD from the server. Sleeping for [300] ms.
[Info] Received OVERLOAD from the server. Sleeping for [300] ms.
[Info] Received OVERLOAD from the server. Sleeping for [300] ms.
[Info] Received OVERLOAD from the server. Sleeping for [300] ms.
[Info] Received OVERLOAD from the server. Sleeping for [300] ms.
[Info] Received OVERLOAD from the server. Sleeping for [300] ms.
[Info] Received OVERLOAD from the server. Sleeping for [300] ms.
[Info] Received OVERLOAD from the server. Sleeping for [300] ms.
[Test isAlive] for 34.228.184.115:43115
[Test isAlive] for 34.228.184.115:43119
[Test isAlive] for 34.228.184.115:43112
[Test isAlive] for 34.228.184.115:43109
[Test isAlive] for 34.228.184.115:43100
[Test isAlive] for 34.228.184.115:43111
[Test isAlive] for 34.228.184.115:43102
[Test isAlive] for 34.228.184.115:43103
[Test isAlive] for 34.228.184.115:43116
[Test isAlive] for 34.228.184.115:43114
[Test isAlive] for 34.228.184.115:43110
[Test isAlive] for 34.228.184.115:43104
[Test isAlive] for 34.228.184.115:43107
[Test isAlive] for 34.228.184.115:43105
[Test isAlive] for 34.228.184.115:43113
[Test isAlive] for 34.228.184.115:43106
[Test isAlive] for 34.228.184.115:43118
[ ... Completed in 0.008 seconds ]
TEST_PASSED
[ ... TEST Completed in 61.037 seconds ]
[ CPU load (loadavg, last one minute) 0.16 ]
Stage 2 Random Front-End: Test Status: TEST_PASSED
Clients: 128
Total Requests (without replies): 108966
Total Requests (including replies): 140364
Successful Responses: 103297
Timeout Responses: 5646
Total Failed Responses: 23
% Success: 94.79745975808967
% Timeout: 5.181432740487859
% Failed: 0.021107501422462052
Response Time (Successful requests):
[max] 994ms, [min] 5ms
[avg] 19.83325750021782 ms, [stdev] 29.73515078660168ms
Throughput: 1786.327868852459 requests per second
Goodput: 1693.3934426229507 requests per second
Retry Rate (Successful requests): 1.2881449259402016
Sending WIPE-OUT to all servers...
[ ... Completed in 0.046 seconds ]
[OK]

[Test isAlive] for 34.228.184.115:43108
[Test isAlive] for 34.228.184.115:43117
[Test isAlive] for 34.228.184.115:43101
[ ... Completed in 10.015 seconds ]

Sending WIPE-OUT to all servers...
[ ... Completed in 0.046 seconds ]
[OK]
[Info] Collecting disk usage statistics on the server.
Number of block devices on server: 1
BlockDeviceName SectorSize SectorsRead SectorsWritten
nvme0n1 512 823344 237458

[Info] Collecting a list of running processing processes on the server.
UID PID PPID C STIME TTY TIME CMD
 root 1 0 0 21:47 ? 00:00:01 /sbin/init
 root 142 1 0 21:47 ? 00:00:00 /lib/systemd/systemd-journald
 root 182 1 0 21:47 ? 00:00:00 /sbin/multipathd -d -s
 root 185 1 0 21:47 ? 00:00:00 /lib/systemd/systemd-udevd
 systemd+ 390 1 0 21:47 ? 00:00:00 /lib/systemd/systemd-networkd
 systemd+ 392 1 0 21:47 ? 00:00:00 /lib/systemd/systemd-resolved
 root 425 1 0 21:47 ? 00:00:00 /usr/sbin/acpid
 root 428 1 0 21:47 ? 00:00:00 /usr/sbin/cron -f -P
 message+ 430 1 0 21:47 ? 00:00:00 @dbus-daemon --system --address=systemd: --nofork --nopidfile --systemd-activation --syslog-only
 root 438 1 0 21:47 ? 00:00:00 /usr/sbin/irqbalance --foreground
 root 439 1 0 21:47 ? 00:00:00 /usr/bin/python3 /usr/bin/networkd-dispatcher --run-startup-triggers
 syslog 440 1 0 21:47 ? 00:00:00 /usr/sbin/rsyslogd -n -iNONE
 root 441 1 0 21:47 ? 00:00:01 /snap/amazon-ssm-agent/12322/amazon-ssm-agent
 root 444 1 0 21:47 ? 00:00:02 /snap/snapd/current/usr/lib/snapd/snapd
 root 445 1 0 21:47 ? 00:00:00 /lib/systemd/systemd-logind
 root 450 1 0 21:47 ttyS0 00:00:00 /sbin/agetty -o -p -- \u --keep-baud 115200,57600,38400,9600 ttyS0 vt220
 root 462 1 0 21:47 tty1 00:00:00 /sbin/agetty -o -p -- \u --noclear tty1 linux
 _chrony 469 1 0 21:47 ? 00:00:00 /usr/sbin/chronyd -F 1
 root 486 1 0 21:47 ? 00:00:00 /usr/bin/python3 /usr/share/unattended-upgrades/unattended-upgrade-shutdown --wait-for-signal
 _chrony 488 469 0 21:47 ? 00:00:00 /usr/sbin/chronyd -F 1
 root 517 1 0 21:47 ? 00:00:00 /usr/libexec/polkitd --no-debug
 root 607 1 0 21:47 ? 00:00:00 sshd: /usr/sbin/sshd -D -o AuthorizedKeysCommand /usr/share/ec2-instance-connect/eic_run_authorized_keys %u %f -o AuthorizedKeysCommandUser ec2-instance-connect [listener] 0 of 10-100 startups
 ubuntu 1582 1 0 21:50 ? 00:00:00 /lib/systemd/systemd --user
 ubuntu 1583 1582 0 21:50 ? 00:00:00 (sd-pam)
 root 5833 607 0 22:45 ? 00:00:00 sshd: ubuntu [priv]
 ubuntu 6247 5833 0 22:45 ? 00:00:00 sshd: ubuntu@pts/0
 ubuntu 6248 6247 0 22:45 pts/0 00:00:00 -bash
 ubuntu 6306 6248 1 22:46 pts/0 00:00:33 java -Xmx64m -jar A7-1.0-SNAPSHOT-jar-with-dependencies.jar 43100 nodes_server.txt
 ubuntu 6308 6248 0 22:46 pts/0 00:00:14 java -Xmx64m -jar A7-1.0-SNAPSHOT-jar-with-dependencies.jar 43102 nodes_server.txt
 ubuntu 6309 6248 0 22:46 pts/0 00:00:13 java -Xmx64m -jar A7-1.0-SNAPSHOT-jar-with-dependencies.jar 43103 nodes_server.txt
 ubuntu 6310 6248 0 22:46 pts/0 00:00:11 java -Xmx64m -jar A7-1.0-SNAPSHOT-jar-with-dependencies.jar 43104 nodes_server.txt
 ubuntu 6311 6248 0 22:46 pts/0 00:00:14 java -Xmx64m -jar A7-1.0-SNAPSHOT-jar-with-dependencies.jar 43105 nodes_server.txt
 ubuntu 6312 6248 0 22:46 pts/0 00:00:12 java -Xmx64m -jar A7-1.0-SNAPSHOT-jar-with-dependencies.jar 43106 nodes_server.txt
 ubuntu 6316 6248 0 22:46 pts/0 00:00:14 java -Xmx64m -jar A7-1.0-SNAPSHOT-jar-with-dependencies.jar 43107 nodes_server.txt
 ubuntu 6318 6248 0 22:46 pts/0 00:00:13 java -Xmx64m -jar A7-1.0-SNAPSHOT-jar-with-dependencies.jar 43109 nodes_server.txt
 ubuntu 6319 6248 0 22:46 pts/0 00:00:14 java -Xmx64m -jar A7-1.0-SNAPSHOT-jar-with-dependencies.jar 43110 nodes_server.txt
 ubuntu 6320 6248 0 22:46 pts/0 00:00:14 java -Xmx64m -jar A7-1.0-SNAPSHOT-jar-with-dependencies.jar 43111 nodes_server.txt
 ubuntu 6321 6248 0 22:46 pts/0 00:00:13 java -Xmx64m -jar A7-1.0-SNAPSHOT-jar-with-dependencies.jar 43112 nodes_server.txt
 ubuntu 6322 6248 0 22:46 pts/0 00:00:13 java -Xmx64m -jar A7-1.0-SNAPSHOT-jar-with-dependencies.jar 43113 nodes_server.txt
 ubuntu 6339 6248 0 22:46 pts/0 00:00:13 java -Xmx64m -jar A7-1.0-SNAPSHOT-jar-with-dependencies.jar 43114 nodes_server.txt
 ubuntu 6341 6248 0 22:46 pts/0 00:00:13 java -Xmx64m -jar A7-1.0-SNAPSHOT-jar-with-dependencies.jar 43115 nodes_server.txt
 ubuntu 6342 6248 0 22:46 pts/0 00:00:12 java -Xmx64m -jar A7-1.0-SNAPSHOT-jar-with-dependencies.jar 43116 nodes_server.txt
 ubuntu 6353 6248 0 22:46 pts/0 00:00:11 java -Xmx64m -jar A7-1.0-SNAPSHOT-jar-with-dependencies.jar 43118 nodes_server.txt
 ubuntu 6357 6248 0 22:46 pts/0 00:00:15 java -Xmx64m -jar A7-1.0-SNAPSHOT-jar-with-dependencies.jar 43119 nodes_server.txt
 root 9722 607 1 23:22 ? 00:00:00 sshd: ubuntu [priv]
 ubuntu 9768 9722 0 23:22 ? 00:00:00 sshd: ubuntu@notty
 ubuntu 9769 9768 0 23:22 ? 00:00:00 bash -s eval ps --ppid 2 -p 2 -N -f | sed 's/$/@@/g'
 ubuntu 9771 9769 0 23:22 ? 00:00:00 bash -s eval ps --ppid 2 -p 2 -N -f | sed 's/$/@@/g'
 ubuntu 9772 9771 0 23:22 ? 00:00:00 ps --ppid 2 -p 2 -N -f
 ubuntu 9773 9771 0 23:22 ? 00:00:00 sed s/$/@@/g


Results Summary:
Client AWS Instance Type : c5.xlarge
Client Local Hostname : ip-172-31-44-63
Client Local IP : ip-172-31-44-63/172.31.44.63
Concurrent Store/Load (MiB) : 1.91
Concurrent Store/Load Test : 2.0
Local At-Most-Once Policy : 2.0
Local At-Most-Once Policy Empty REMs : 2.0
Local At-Most-Once Policy Error Return Code : 2.0
Local At-Most-Once Policy Full Test : 2.0
Local Basic PUT GET  : 2.0
Local Client Capacity Test : 2.0
Local Double PUT with version : 2.0
Local Double Remove : 2.0
Local Invalid Command : 2.0
Local Invalid Key Test : 2.0
Local Invalid Value Test : 2.0
Local Remove Operation : 2.0
Local Shutdown Test : 2.0
Local Single node: 1 Client(s) % Failed : 0.0
Local Single node: 1 Client(s) % Success : 100.0
Local Single node: 1 Client(s) % Timeout : 0.0
Local Single node: 1 Client(s) Average Response Time (ms) : 1.0
Local Single node: 1 Client(s) Goodput (Requests per Second) : 13728.0
Local Single node: 1 Client(s) Maximum Response Time (ms) : 21.0
Local Single node: 1 Client(s) STDEV Response Time (ms) : 1.0
Local Single node: 1 Client(s) Successful Responses : 823659
Local Single node: 1 Client(s) Throughput (Requests per Second) : 13728.0
Local Single node: 1 Client(s) Timeout Responses : 0
Local Single node: 1 Client(s) Total Failed Responses : 0
Local Single node: 1 Client(s) Total Requests (including retries) : 823659
Local Single node: 1 Client(s) Total Requests (without retries) : 823659
Local Single node: 16 Client(s) % Failed : 0.0
Local Single node: 16 Client(s) % Success : 100.0
Local Single node: 16 Client(s) % Timeout : 0.0
Local Single node: 16 Client(s) Average Response Time (ms) : 1.0
Local Single node: 16 Client(s) Goodput (Requests per Second) : 40424.0
Local Single node: 16 Client(s) Maximum Response Time (ms) : 77.0
Local Single node: 16 Client(s) STDEV Response Time (ms) : 1.0
Local Single node: 16 Client(s) Successful Responses : 2425499
Local Single node: 16 Client(s) Throughput (Requests per Second) : 40424.0
Local Single node: 16 Client(s) Timeout Responses : 0
Local Single node: 16 Client(s) Total Failed Responses : 0
Local Single node: 16 Client(s) Total Requests (including retries) : 2425499
Local Single node: 16 Client(s) Total Requests (without retries) : 2425499
Local Single node: 64 Client(s) % Failed : 0.0
Local Single node: 64 Client(s) % Success : 100.0
Local Single node: 64 Client(s) % Timeout : 0.0
Local Single node: 64 Client(s) Average Response Time (ms) : 2.0
Local Single node: 64 Client(s) Goodput (Requests per Second) : 41342.0
Local Single node: 64 Client(s) Maximum Response Time (ms) : 159.0
Local Single node: 64 Client(s) STDEV Response Time (ms) : 3.0
Local Single node: 64 Client(s) Successful Responses : 2480627
Local Single node: 64 Client(s) Throughput (Requests per Second) : 41342.0
Local Single node: 64 Client(s) Timeout Responses : 0
Local Single node: 64 Client(s) Total Failed Responses : 0
Local Single node: 64 Client(s) Total Requests (including retries) : 2480665
Local Single node: 64 Client(s) Total Requests (without retries) : 2480627
Server Count : 20
Server List : 34.228.184.115_43100_34.228.184.115_43101_34.228.184.115_43102_34.228.184.115_43103_34.228.184.115_43104_34.228.184.115_43105_34.228.184.115_43106_34.228.184.115_43107_34.228.184.115_43108_34.228.184.115_43109_34.228.184.115_43110_34.228.184.115_43111_34.228.184.115_43112_34.228.184.115_43113_34.228.184.115_43114_34.228.184.115_43115_34.228.184.115_43116_34.228.184.115_43117_34.228.184.115_43118_34.228.184.115_43119_
Single Client Capacity (MiB) for value size of 500 : 31.0
Single Front Node (At-Most-Once) Policy : 2.0
Single Front Node At-Most-Once Policy Empty REMs : 2.0
Single Front Node At-Most-Once Policy Error Return Code : 2.0
Single Front Node At-Most-Once Policy Full Test : 2.0
Single Front Node Basic PUT GET  : 2.0
Single Front Node Double PUT with version : 2.0
Single Front Node Double Remove : 2.0
Single Front Node Invalid Command : 2.0
Single Front Node Invalid Key Test : 2.0
Single Front Node Invalid Value Test : 2.0
Single Front Node Multi-Client Crash : 2.0
Single Front Node Remove Operation : 2.0
Stage 0 Random Front-End Basic : 2.0
Stage 0 Random Front-End: 1 Client(s) % Failed : 0.04938271604938271
Stage 0 Random Front-End: 1 Client(s) % Success : 98.8641975308642
Stage 0 Random Front-End: 1 Client(s) % Timeout : 1.0864197530864197
Stage 0 Random Front-End: 1 Client(s) Average Response Time (ms) : 19.0
Stage 0 Random Front-End: 1 Client(s) Goodput (Requests per Second) : 34.0
Stage 0 Random Front-End: 1 Client(s) Maximum Response Time (ms) : 414.0
Stage 0 Random Front-End: 1 Client(s) STDEV Response Time (ms) : 15.0
Stage 0 Random Front-End: 1 Client(s) Successful Responses : 2002
Stage 0 Random Front-End: 1 Client(s) Throughput (Requests per Second) : 34.0
Stage 0 Random Front-End: 1 Client(s) Timeout Responses : 22
Stage 0 Random Front-End: 1 Client(s) Total Failed Responses : 1
Stage 0 Random Front-End: 1 Client(s) Total Requests (including replies) : 2255
Stage 0 Random Front-End: 1 Client(s) Total Requests (without replies) : 2025
Stage 0 Random Front-End: 128 Client(s) % Failed : 0.021124677848662808
Stage 0 Random Front-End: 128 Client(s) % Success : 95.65169631163124
Stage 0 Random Front-End: 128 Client(s) % Timeout : 4.32717901052009
Stage 0 Random Front-End: 128 Client(s) Average Response Time (ms) : 23.0
Stage 0 Random Front-End: 128 Client(s) CPU load (loadavg - last one minute) : 0.21
Stage 0 Random Front-End: 128 Client(s) Goodput (Requests per Second) : 1857.0
Stage 0 Random Front-End: 128 Client(s) Maximum Response Time (ms) : 993.0
Stage 0 Random Front-End: 128 Client(s) STDEV Response Time (ms) : 49.0
Stage 0 Random Front-End: 128 Client(s) Successful Responses : 113199
Stage 0 Random Front-End: 128 Client(s) Throughput (Requests per Second) : 1941.0
Stage 0 Random Front-End: 128 Client(s) Timeout Responses : 5121
Stage 0 Random Front-End: 128 Client(s) Total Failed Responses : 25
Stage 0 Random Front-End: 128 Client(s) Total Requests (including replies) : 150913
Stage 0 Random Front-End: 128 Client(s) Total Requests (without replies) : 118345
Stage 0 Random Front-End: 2 Client(s) % Failed : 0.0
Stage 0 Random Front-End: 2 Client(s) % Success : 100.0
Stage 0 Random Front-End: 2 Client(s) % Timeout : 0.0
Stage 0 Random Front-End: 2 Client(s) Average Response Time (ms) : 19.0
Stage 0 Random Front-End: 2 Client(s) Goodput (Requests per Second) : 107.0
Stage 0 Random Front-End: 2 Client(s) Maximum Response Time (ms) : 137.0
Stage 0 Random Front-End: 2 Client(s) STDEV Response Time (ms) : 13.0
Stage 0 Random Front-End: 2 Client(s) Successful Responses : 6381
Stage 0 Random Front-End: 2 Client(s) Throughput (Requests per Second) : 107.0
Stage 0 Random Front-End: 2 Client(s) Timeout Responses : 0
Stage 0 Random Front-End: 2 Client(s) Total Failed Responses : 0
Stage 0 Random Front-End: 2 Client(s) Total Requests (including replies) : 6836
Stage 0 Random Front-End: 2 Client(s) Total Requests (without replies) : 6381
Stage 0 Random Front-End: 32 Client(s) % Failed : 0.0
Stage 0 Random Front-End: 32 Client(s) % Success : 100.0
Stage 0 Random Front-End: 32 Client(s) % Timeout : 0.0
Stage 0 Random Front-End: 32 Client(s) Average Response Time (ms) : 19.0
Stage 0 Random Front-End: 32 Client(s) CPU load (loadavg - last one minute) : 0.07
Stage 0 Random Front-End: 32 Client(s) Goodput (Requests per Second) : 1685.0
Stage 0 Random Front-End: 32 Client(s) Maximum Response Time (ms) : 297.0
Stage 0 Random Front-End: 32 Client(s) STDEV Response Time (ms) : 14.0
Stage 0 Random Front-End: 32 Client(s) Successful Responses : 101238
Stage 0 Random Front-End: 32 Client(s) Throughput (Requests per Second) : 1685.0
Stage 0 Random Front-End: 32 Client(s) Timeout Responses : 0
Stage 0 Random Front-End: 32 Client(s) Total Failed Responses : 0
Stage 0 Random Front-End: 32 Client(s) Total Requests (including replies) : 108949
Stage 0 Random Front-End: 32 Client(s) Total Requests (without replies) : 101238
Stage 0 Random Front-End: 8 Client(s) % Failed : 0.0
Stage 0 Random Front-End: 8 Client(s) % Success : 100.0
Stage 0 Random Front-End: 8 Client(s) % Timeout : 0.0
Stage 0 Random Front-End: 8 Client(s) Average Response Time (ms) : 19.0
Stage 0 Random Front-End: 8 Client(s) Goodput (Requests per Second) : 427.0
Stage 0 Random Front-End: 8 Client(s) Maximum Response Time (ms) : 297.0
Stage 0 Random Front-End: 8 Client(s) STDEV Response Time (ms) : 14.0
Stage 0 Random Front-End: 8 Client(s) Successful Responses : 25602
Stage 0 Random Front-End: 8 Client(s) Throughput (Requests per Second) : 427.0
Stage 0 Random Front-End: 8 Client(s) Timeout Responses : 0
Stage 0 Random Front-End: 8 Client(s) Total Failed Responses : 0
Stage 0 Random Front-End: 8 Client(s) Total Requests (including replies) : 27531
Stage 0 Random Front-End: 8 Client(s) Total Requests (without replies) : 25602
Stage 0 Single Front-End: 1 Client(s) % Failed : 0.0
Stage 0 Single Front-End: 1 Client(s) % Success : 100.0
Stage 0 Single Front-End: 1 Client(s) % Timeout : 0.0
Stage 0 Single Front-End: 1 Client(s) Average Response Time (ms) : 20.0
Stage 0 Single Front-End: 1 Client(s) Goodput (Requests per Second) : 53.0
Stage 0 Single Front-End: 1 Client(s) Maximum Response Time (ms) : 137.0
Stage 0 Single Front-End: 1 Client(s) STDEV Response Time (ms) : 14.0
Stage 0 Single Front-End: 1 Client(s) Successful Responses : 3125
Stage 0 Single Front-End: 1 Client(s) Throughput (Requests per Second) : 53.0
Stage 0 Single Front-End: 1 Client(s) Timeout Responses : 0
Stage 0 Single Front-End: 1 Client(s) Total Failed Responses : 0
Stage 0 Single Front-End: 1 Client(s) Total Requests (including retries) : 3374
Stage 0 Single Front-End: 1 Client(s) Total Requests (without retries) : 3125
Stage 0 Single Front-End: 128 Client(s) % Failed : 0.36548897995348323
Stage 0 Single Front-End: 128 Client(s) % Success : 14.940746483552996
Stage 0 Single Front-End: 128 Client(s) % Timeout : 84.69376453649352
Stage 0 Single Front-End: 128 Client(s) Average Response Time (ms) : 49.0
Stage 0 Single Front-End: 128 Client(s) Goodput (Requests per Second) : 23.0
Stage 0 Single Front-End: 128 Client(s) Maximum Response Time (ms) : 971.0
Stage 0 Single Front-End: 128 Client(s) STDEV Response Time (ms) : 143.0
Stage 0 Single Front-End: 128 Client(s) Successful Responses : 1349
Stage 0 Single Front-End: 128 Client(s) Throughput (Requests per Second) : 149.0
Stage 0 Single Front-End: 128 Client(s) Timeout Responses : 7647
Stage 0 Single Front-End: 128 Client(s) Total Failed Responses : 33
Stage 0 Single Front-End: 128 Client(s) Total Requests (including retries) : 40197
Stage 0 Single Front-End: 128 Client(s) Total Requests (without retries) : 9029
Stage 0 Single Front-End: 2 Client(s) % Failed : 0.0
Stage 0 Single Front-End: 2 Client(s) % Success : 100.0
Stage 0 Single Front-End: 2 Client(s) % Timeout : 0.0
Stage 0 Single Front-End: 2 Client(s) Average Response Time (ms) : 19.0
Stage 0 Single Front-End: 2 Client(s) Goodput (Requests per Second) : 108.0
Stage 0 Single Front-End: 2 Client(s) Maximum Response Time (ms) : 137.0
Stage 0 Single Front-End: 2 Client(s) STDEV Response Time (ms) : 14.0
Stage 0 Single Front-End: 2 Client(s) Successful Responses : 6480
Stage 0 Single Front-End: 2 Client(s) Throughput (Requests per Second) : 108.0
Stage 0 Single Front-End: 2 Client(s) Timeout Responses : 0
Stage 0 Single Front-End: 2 Client(s) Total Failed Responses : 0
Stage 0 Single Front-End: 2 Client(s) Total Requests (including retries) : 6946
Stage 0 Single Front-End: 2 Client(s) Total Requests (without retries) : 6480
Stage 0 Single Front-End: 32 Client(s) % Failed : 0.0
Stage 0 Single Front-End: 32 Client(s) % Success : 100.0
Stage 0 Single Front-End: 32 Client(s) % Timeout : 0.0
Stage 0 Single Front-End: 32 Client(s) Average Response Time (ms) : 249.0
Stage 0 Single Front-End: 32 Client(s) Goodput (Requests per Second) : 129.0
Stage 0 Single Front-End: 32 Client(s) Maximum Response Time (ms) : 539.0
Stage 0 Single Front-End: 32 Client(s) STDEV Response Time (ms) : 94.0
Stage 0 Single Front-End: 32 Client(s) Successful Responses : 7707
Stage 0 Single Front-End: 32 Client(s) Throughput (Requests per Second) : 129.0
Stage 0 Single Front-End: 32 Client(s) Timeout Responses : 0
Stage 0 Single Front-End: 32 Client(s) Total Failed Responses : 0
Stage 0 Single Front-End: 32 Client(s) Total Requests (including retries) : 24742
Stage 0 Single Front-End: 32 Client(s) Total Requests (without retries) : 7707
Stage 0 Single Front-End: 8 Client(s) % Failed : 0.0
Stage 0 Single Front-End: 8 Client(s) % Success : 100.0
Stage 0 Single Front-End: 8 Client(s) % Timeout : 0.0
Stage 0 Single Front-End: 8 Client(s) Average Response Time (ms) : 22.0
Stage 0 Single Front-End: 8 Client(s) Goodput (Requests per Second) : 372.0
Stage 0 Single Front-End: 8 Client(s) Maximum Response Time (ms) : 297.0
Stage 0 Single Front-End: 8 Client(s) STDEV Response Time (ms) : 16.0
Stage 0 Single Front-End: 8 Client(s) Successful Responses : 22310
Stage 0 Single Front-End: 8 Client(s) Throughput (Requests per Second) : 372.0
Stage 0 Single Front-End: 8 Client(s) Timeout Responses : 0
Stage 0 Single Front-End: 8 Client(s) Total Failed Responses : 0
Stage 0 Single Front-End: 8 Client(s) Total Requests (including retries) : 24280
Stage 0 Single Front-End: 8 Client(s) Total Requests (without retries) : 22310
Stage 2 Distributed Shutdown Honoured : 2.0
Stage 2 Random Front-End Basic : 2.0
Stage 2 Random Front-End: 1 Client(s) % Failed : 0.0
Stage 2 Random Front-End: 1 Client(s) % Success : 98.94077997111218
Stage 2 Random Front-End: 1 Client(s) % Timeout : 1.059220028887819
Stage 2 Random Front-End: 1 Client(s) Average Response Time (ms) : 19.0
Stage 2 Random Front-End: 1 Client(s) Goodput (Requests per Second) : 35.0
Stage 2 Random Front-End: 1 Client(s) Maximum Response Time (ms) : 138.0
Stage 2 Random Front-End: 1 Client(s) STDEV Response Time (ms) : 14.0
Stage 2 Random Front-End: 1 Client(s) Successful Responses : 2055
Stage 2 Random Front-End: 1 Client(s) Throughput (Requests per Second) : 35.0
Stage 2 Random Front-End: 1 Client(s) Timeout Responses : 22
Stage 2 Random Front-End: 1 Client(s) Total Failed Responses : 0
Stage 2 Random Front-End: 1 Client(s) Total Requests (including replies) : 2317
Stage 2 Random Front-End: 1 Client(s) Total Requests (without replies) : 2077
Stage 2 Random Front-End: 128 Client(s) % Failed : 0.021107501422462052
Stage 2 Random Front-End: 128 Client(s) % Success : 94.79745975808967
Stage 2 Random Front-End: 128 Client(s) % Timeout : 5.181432740487859
Stage 2 Random Front-End: 128 Client(s) Average Response Time (ms) : 20.0
Stage 2 Random Front-End: 128 Client(s) CPU load (loadavg - last one minute) : 0.16
Stage 2 Random Front-End: 128 Client(s) Goodput (Requests per Second) : 1694.0
Stage 2 Random Front-End: 128 Client(s) Maximum Response Time (ms) : 994.0
Stage 2 Random Front-End: 128 Client(s) STDEV Response Time (ms) : 30.0
Stage 2 Random Front-End: 128 Client(s) Successful Responses : 103297
Stage 2 Random Front-End: 128 Client(s) Throughput (Requests per Second) : 1787.0
Stage 2 Random Front-End: 128 Client(s) Timeout Responses : 5646
Stage 2 Random Front-End: 128 Client(s) Total Failed Responses : 23
Stage 2 Random Front-End: 128 Client(s) Total Requests (including replies) : 140364
Stage 2 Random Front-End: 128 Client(s) Total Requests (without replies) : 108966
Stage 2 Random Front-End: 2 Client(s) % Failed : 0.0
Stage 2 Random Front-End: 2 Client(s) % Success : 100.0
Stage 2 Random Front-End: 2 Client(s) % Timeout : 0.0
Stage 2 Random Front-End: 2 Client(s) Average Response Time (ms) : 19.0
Stage 2 Random Front-End: 2 Client(s) Goodput (Requests per Second) : 106.0
Stage 2 Random Front-End: 2 Client(s) Maximum Response Time (ms) : 137.0
Stage 2 Random Front-End: 2 Client(s) STDEV Response Time (ms) : 14.0
Stage 2 Random Front-End: 2 Client(s) Successful Responses : 6316
Stage 2 Random Front-End: 2 Client(s) Throughput (Requests per Second) : 106.0
Stage 2 Random Front-End: 2 Client(s) Timeout Responses : 0
Stage 2 Random Front-End: 2 Client(s) Total Failed Responses : 0
Stage 2 Random Front-End: 2 Client(s) Total Requests (including replies) : 6809
Stage 2 Random Front-End: 2 Client(s) Total Requests (without replies) : 6316
Stage 2 Random Front-End: 32 Client(s) % Failed : 0.0
Stage 2 Random Front-End: 32 Client(s) % Success : 100.0
Stage 2 Random Front-End: 32 Client(s) % Timeout : 0.0
Stage 2 Random Front-End: 32 Client(s) Average Response Time (ms) : 19.0
Stage 2 Random Front-End: 32 Client(s) CPU load (loadavg - last one minute) : 0.12
Stage 2 Random Front-End: 32 Client(s) Goodput (Requests per Second) : 1721.0
Stage 2 Random Front-End: 32 Client(s) Maximum Response Time (ms) : 296.0
Stage 2 Random Front-End: 32 Client(s) STDEV Response Time (ms) : 14.0
Stage 2 Random Front-End: 32 Client(s) Successful Responses : 103482
Stage 2 Random Front-End: 32 Client(s) Throughput (Requests per Second) : 1721.0
Stage 2 Random Front-End: 32 Client(s) Timeout Responses : 0
Stage 2 Random Front-End: 32 Client(s) Total Failed Responses : 0
Stage 2 Random Front-End: 32 Client(s) Total Requests (including replies) : 111076
Stage 2 Random Front-End: 32 Client(s) Total Requests (without replies) : 103482
Stage 2 Random Front-End: 8 Client(s) % Failed : 0.0
Stage 2 Random Front-End: 8 Client(s) % Success : 100.0
Stage 2 Random Front-End: 8 Client(s) % Timeout : 0.0
Stage 2 Random Front-End: 8 Client(s) Average Response Time (ms) : 19.0
Stage 2 Random Front-End: 8 Client(s) Goodput (Requests per Second) : 431.0
Stage 2 Random Front-End: 8 Client(s) Maximum Response Time (ms) : 297.0
Stage 2 Random Front-End: 8 Client(s) STDEV Response Time (ms) : 14.0
Stage 2 Random Front-End: 8 Client(s) Successful Responses : 25880
Stage 2 Random Front-End: 8 Client(s) Throughput (Requests per Second) : 431.0
Stage 2 Random Front-End: 8 Client(s) Timeout Responses : 0
Stage 2 Random Front-End: 8 Client(s) Total Failed Responses : 0
Stage 2 Random Front-End: 8 Client(s) Total Requests (including replies) : 27789
Stage 2 Random Front-End: 8 Client(s) Total Requests (without replies) : 25880
Stage 2 Single Front-End: 1 Client(s) % Failed : 0.0
Stage 2 Single Front-End: 1 Client(s) % Success : 100.0
Stage 2 Single Front-End: 1 Client(s) % Timeout : 0.0
Stage 2 Single Front-End: 1 Client(s) Average Response Time (ms) : 19.0
Stage 2 Single Front-End: 1 Client(s) Goodput (Requests per Second) : 55.0
Stage 2 Single Front-End: 1 Client(s) Maximum Response Time (ms) : 137.0
Stage 2 Single Front-End: 1 Client(s) STDEV Response Time (ms) : 13.0
Stage 2 Single Front-End: 1 Client(s) Successful Responses : 3252
Stage 2 Single Front-End: 1 Client(s) Throughput (Requests per Second) : 55.0
Stage 2 Single Front-End: 1 Client(s) Timeout Responses : 0
Stage 2 Single Front-End: 1 Client(s) Total Failed Responses : 0
Stage 2 Single Front-End: 1 Client(s) Total Requests (including retries) : 3490
Stage 2 Single Front-End: 1 Client(s) Total Requests (without retries) : 3252
Stage 2 Single Front-End: 128 Client(s) % Failed : 0.3167667941015838
Stage 2 Single Front-End: 128 Client(s) % Success : 16.30802839978154
Stage 2 Single Front-End: 128 Client(s) % Timeout : 83.37520480611687
Stage 2 Single Front-End: 128 Client(s) Average Response Time (ms) : 57.0
Stage 2 Single Front-End: 128 Client(s) Goodput (Requests per Second) : 25.0
Stage 2 Single Front-End: 128 Client(s) Maximum Response Time (ms) : 995.0
Stage 2 Single Front-End: 128 Client(s) STDEV Response Time (ms) : 168.0
Stage 2 Single Front-End: 128 Client(s) Successful Responses : 1493
Stage 2 Single Front-End: 128 Client(s) Throughput (Requests per Second) : 151.0
Stage 2 Single Front-End: 128 Client(s) Timeout Responses : 7633
Stage 2 Single Front-End: 128 Client(s) Total Failed Responses : 29
Stage 2 Single Front-End: 128 Client(s) Total Requests (including retries) : 40336
Stage 2 Single Front-End: 128 Client(s) Total Requests (without retries) : 9155
Stage 2 Single Front-End: 2 Client(s) % Failed : 0.0
Stage 2 Single Front-End: 2 Client(s) % Success : 100.0
Stage 2 Single Front-End: 2 Client(s) % Timeout : 0.0
Stage 2 Single Front-End: 2 Client(s) Average Response Time (ms) : 19.0
Stage 2 Single Front-End: 2 Client(s) Goodput (Requests per Second) : 108.0
Stage 2 Single Front-End: 2 Client(s) Maximum Response Time (ms) : 137.0
Stage 2 Single Front-End: 2 Client(s) STDEV Response Time (ms) : 14.0
Stage 2 Single Front-End: 2 Client(s) Successful Responses : 6466
Stage 2 Single Front-End: 2 Client(s) Throughput (Requests per Second) : 108.0
Stage 2 Single Front-End: 2 Client(s) Timeout Responses : 0
Stage 2 Single Front-End: 2 Client(s) Total Failed Responses : 0
Stage 2 Single Front-End: 2 Client(s) Total Requests (including retries) : 6938
Stage 2 Single Front-End: 2 Client(s) Total Requests (without retries) : 6466
Stage 2 Single Front-End: 32 Client(s) % Failed : 0.0
Stage 2 Single Front-End: 32 Client(s) % Success : 100.0
Stage 2 Single Front-End: 32 Client(s) % Timeout : 0.0
Stage 2 Single Front-End: 32 Client(s) Average Response Time (ms) : 240.0
Stage 2 Single Front-End: 32 Client(s) Goodput (Requests per Second) : 133.0
Stage 2 Single Front-End: 32 Client(s) Maximum Response Time (ms) : 496.0
Stage 2 Single Front-End: 32 Client(s) STDEV Response Time (ms) : 90.0
Stage 2 Single Front-End: 32 Client(s) Successful Responses : 7989
Stage 2 Single Front-End: 32 Client(s) Throughput (Requests per Second) : 133.0
Stage 2 Single Front-End: 32 Client(s) Timeout Responses : 0
Stage 2 Single Front-End: 32 Client(s) Total Failed Responses : 0
Stage 2 Single Front-End: 32 Client(s) Total Requests (including retries) : 25433
Stage 2 Single Front-End: 32 Client(s) Total Requests (without retries) : 7989
Stage 2 Single Front-End: 8 Client(s) % Failed : 0.0
Stage 2 Single Front-End: 8 Client(s) % Success : 100.0
Stage 2 Single Front-End: 8 Client(s) % Timeout : 0.0
Stage 2 Single Front-End: 8 Client(s) Average Response Time (ms) : 22.0
Stage 2 Single Front-End: 8 Client(s) Goodput (Requests per Second) : 369.0
Stage 2 Single Front-End: 8 Client(s) Maximum Response Time (ms) : 277.0
Stage 2 Single Front-End: 8 Client(s) STDEV Response Time (ms) : 16.0
Stage 2 Single Front-End: 8 Client(s) Successful Responses : 22103
Stage 2 Single Front-End: 8 Client(s) Throughput (Requests per Second) : 369.0
Stage 2 Single Front-End: 8 Client(s) Timeout Responses : 0
Stage 2 Single Front-End: 8 Client(s) Total Failed Responses : 0
Stage 2 Single Front-End: 8 Client(s) Total Requests (including retries) : 24217
Stage 2 Single Front-End: 8 Client(s) Total Requests (without retries) : 22103
Test Crash; % Keys Failed : 8.85
Test Crash; Key Recovery : 2.0
Test Start Time : Wed Feb 25 22:52:36 UTC 2026
Result Verification Code : 057B9E35AC95282580F8A41EB732C698
[Info] Number of collected result fields: 343
[Info] The expected number of results is: 343
[Info] Submission Successful!
[Info] Results successfully submitted.
[Info] Completed A7 Tests.
Testing completed in 1793.176s
